#
# There is insufficient memory for the Java Runtime Environment to continue.
# Native memory allocation (malloc) failed to allocate 1347696 bytes for Chunk::new
# Possible reasons:
#   The system is out of physical RAM or swap space
#   The process is running with CompressedOops enabled, and the Java Heap may be blocking the growth of the native heap
# Possible solutions:
#   Reduce memory load on the system
#   Increase physical memory or swap space
#   Check if swap backing store is full
#   Decrease Java heap size (-Xmx/-Xms)
#   Decrease number of Java threads
#   Decrease Java thread stack sizes (-Xss)
#   Set larger code cache with -XX:ReservedCodeCacheSize=
#   JVM is running with Unscaled Compressed Oops mode in which the Java heap is
#     placed in the first 4GB address space. The Java Heap base address is the
#     maximum limit for the native heap growth. Please use -XX:HeapBaseMinAddress
#     to set the Java Heap base and to place the Java Heap above 4GB virtual address.
# This output file may be truncated or incomplete.
#
#  Out of Memory Error (arena.cpp:168), pid=15780, tid=5572
#
# JRE version: Java(TM) SE Runtime Environment (21.0.2+13) (build 21.0.2+13-LTS-58)
# Java VM: Java HotSpot(TM) 64-Bit Server VM (21.0.2+13-LTS-58, mixed mode, sharing, tiered, compressed oops, compressed class ptrs, g1 gc, windows-amd64)
# No core dump will be written. Minidumps are not enabled by default on client versions of Windows
#

---------------  S U M M A R Y ------------

Command Line: -agentlib:jdwp=transport=dt_socket,address=127.0.0.1:50518,suspend=y,server=n -javaagent:C:\Users\ludim\AppData\Local\JetBrains\IdeaIC2024.1\captureAgent\debugger-agent.jar -Dfile.encoding=UTF-8 -Dsun.stdout.encoding=UTF-8 -Dsun.stderr.encoding=UTF-8 br.chat.ChatOnline.ChatOnlineApplication

Host: 11th Gen Intel(R) Core(TM) i3-1115G4 @ 3.00GHz, 4 cores, 3G,  Windows 11 , 64 bit Build 22621 (10.0.22621.3958)
Time: Tue Aug 27 15:23:10 2024 Hora Padrão da Bahia elapsed time: 40.931112 seconds (0d 0h 0m 40s)

---------------  T H R E A D  ---------------

Current thread (0x000002725727c990):  JavaThread "C2 CompilerThread0" daemon [_thread_in_native, id=5572, stack(0x000000ec25700000,0x000000ec25800000) (1024K)]


Current CompileTask:
C2:  40932 6416       4       org.springframework.core.ResolvableType::resolveType (146 bytes)

Stack: [0x000000ec25700000,0x000000ec25800000]
Native frames: (J=compiled Java code, j=interpreted, Vv=VM code, C=native code)
V  [jvm.dll+0x6cade9]
V  [jvm.dll+0x8569c1]
V  [jvm.dll+0x858d2e]
V  [jvm.dll+0x859413]
V  [jvm.dll+0x280e56]
V  [jvm.dll+0xc3f3d]
V  [jvm.dll+0xc4473]
V  [jvm.dll+0x3b5bf2]
V  [jvm.dll+0x382855]
V  [jvm.dll+0x381cca]
V  [jvm.dll+0x249bd0]
V  [jvm.dll+0x2491b1]
V  [jvm.dll+0x1c9634]
V  [jvm.dll+0x258859]
V  [jvm.dll+0x256e3a]
V  [jvm.dll+0x3ef6c6]
V  [jvm.dll+0x7ff568]
V  [jvm.dll+0x6c953d]
C  [ucrtbase.dll+0x29333]
C  [KERNEL32.DLL+0x1257d]
C  [ntdll.dll+0x5af28]


---------------  P R O C E S S  ---------------

Threads class SMR info:
_java_thread_list=0x00000272a0b4a620, length=16, elements={
0x0000027257264e80, 0x0000027257267f60, 0x000002725726aae0, 0x000002725726e750,
0x000002725726f450, 0x0000027257271fb0, 0x000002725727c990, 0x0000027257283340,
0x000002725731e6b0, 0x0000027257618f70, 0x00000272575771c0, 0x00000272576b4790,
0x000002725756f590, 0x000002729f84f7a0, 0x00000272a0071f90, 0x00000272a006fec0
}

Java Threads: ( => current thread )
  0x0000027257264e80 JavaThread "Reference Handler"          daemon [_thread_blocked, id=18312, stack(0x000000ec25100000,0x000000ec25200000) (1024K)]
  0x0000027257267f60 JavaThread "Finalizer"                  daemon [_thread_blocked, id=8540, stack(0x000000ec25200000,0x000000ec25300000) (1024K)]
  0x000002725726aae0 JavaThread "Signal Dispatcher"          daemon [_thread_blocked, id=10664, stack(0x000000ec25300000,0x000000ec25400000) (1024K)]
  0x000002725726e750 JavaThread "Attach Listener"            daemon [_thread_blocked, id=6108, stack(0x000000ec25400000,0x000000ec25500000) (1024K)]
  0x000002725726f450 JavaThread "Service Thread"             daemon [_thread_in_vm, id=1352, stack(0x000000ec25500000,0x000000ec25600000) (1024K)]
  0x0000027257271fb0 JavaThread "Monitor Deflation Thread"   daemon [_thread_blocked, id=14212, stack(0x000000ec25600000,0x000000ec25700000) (1024K)]
=>0x000002725727c990 JavaThread "C2 CompilerThread0"         daemon [_thread_in_native, id=5572, stack(0x000000ec25700000,0x000000ec25800000) (1024K)]
  0x0000027257283340 JavaThread "C1 CompilerThread0"         daemon [_thread_blocked, id=14124, stack(0x000000ec25800000,0x000000ec25900000) (1024K)]
  0x000002725731e6b0 JavaThread "Common-Cleaner"             daemon [_thread_blocked, id=18124, stack(0x000000ec25900000,0x000000ec25a00000) (1024K)]
  0x0000027257618f70 JavaThread "JDWP Transport Listener: dt_socket" daemon [_thread_blocked, id=7608, stack(0x000000ec25a00000,0x000000ec25b00000) (1024K)]
  0x00000272575771c0 JavaThread "JDWP Event Helper Thread"   daemon [_thread_blocked, id=20032, stack(0x000000ec25b00000,0x000000ec25c00000) (1024K)]
  0x00000272576b4790 JavaThread "JDWP Command Reader"        daemon [_thread_in_native, id=15952, stack(0x000000ec25c00000,0x000000ec25d00000) (1024K)]
  0x000002725756f590 JavaThread "Notification Thread"        daemon [_thread_blocked, id=11336, stack(0x000000ec25d00000,0x000000ec25e00000) (1024K)]
  0x000002729f84f7a0 JavaThread "mysql-cj-abandoned-connection-cleanup" daemon [_thread_blocked, id=8508, stack(0x000000ec26300000,0x000000ec26400000) (1024K)]
  0x00000272a0071f90 JavaThread "Catalina-utility-1"                [_thread_blocked, id=3688, stack(0x000000ec26600000,0x000000ec26700000) (1024K)]
  0x00000272a006fec0 JavaThread "DestroyJavaVM"                     [_thread_blocked, id=6228, stack(0x000000ec24900000,0x000000ec24a00000) (1024K)]
Total: 16

Other Threads:
  0x000002725724b0d0 VMThread "VM Thread"                           [id=14428, stack(0x000000ec25000000,0x000000ec25100000) (1024K)]
  0x000002725723cd70 WatcherThread "VM Periodic Task Thread"        [id=15424, stack(0x000000ec24f00000,0x000000ec25000000) (1024K)]
  0x000002723c6c2730 WorkerThread "GC Thread#0"                     [id=20088, stack(0x000000ec24a00000,0x000000ec24b00000) (1024K)]
  0x000002729d314540 WorkerThread "GC Thread#1"                     [id=800, stack(0x000000ec25e00000,0x000000ec25f00000) (1024K)]
  0x000002729d33e290 WorkerThread "GC Thread#2"                     [id=17592, stack(0x000000ec25f00000,0x000000ec26000000) (1024K)]
  0x000002729d33e630 WorkerThread "GC Thread#3"                     [id=11180, stack(0x000000ec26000000,0x000000ec26100000) (1024K)]
  0x000002723c6cc060 ConcurrentGCThread "G1 Main Marker"            [id=2988, stack(0x000000ec24b00000,0x000000ec24c00000) (1024K)]
  0x000002723c6ccd10 WorkerThread "G1 Conc#0"                       [id=20156, stack(0x000000ec24c00000,0x000000ec24d00000) (1024K)]
  0x000002723c7211a0 ConcurrentGCThread "G1 Refine#0"               [id=20384, stack(0x000000ec24d00000,0x000000ec24e00000) (1024K)]
  0x000002723c721ec0 ConcurrentGCThread "G1 Service"                [id=9068, stack(0x000000ec24e00000,0x000000ec24f00000) (1024K)]
Total: 10

Threads with active compile tasks:
C2 CompilerThread0    40993 6416       4       org.springframework.core.ResolvableType::resolveType (146 bytes)
Total: 1

VM state: not at safepoint (normal execution)

VM Mutex/Monitor currently owned by a thread: None

OutOfMemory and StackOverflow Exception counts:
OutOfMemoryError java_heap_errors=3
LinkageErrors=142

Heap address: 0x00000000c3600000, size: 970 MB, Compressed Oops mode: 32-bit

CDS archive(s) mapped at: [0x0000027258000000-0x0000027258c90000-0x0000027258c90000), size 13172736, SharedBaseAddress: 0x0000027258000000, ArchiveRelocationMode: 1.
Compressed class space mapped at: 0x0000027259000000-0x0000027299000000, reserved size: 1073741824
Narrow klass base: 0x0000027258000000, Narrow klass shift: 0, Narrow klass range: 0x100000000

GC Precious Log:
 CardTable entry size: 512
 Card Set container configuration: InlinePtr #cards 5 size 8 Array Of Cards #cards 12 size 40 Howl #buckets 4 coarsen threshold 1843 Howl Bitmap #cards 512 size 80 coarsen threshold 460 Card regions per heap region 1 cards per card region 2048
 CPUs: 4 total, 4 available
 Memory: 3879M
 Large Page Support: Disabled
 NUMA Support: Disabled
 Compressed Oops: Enabled (32-bit)
 Heap Region Size: 1M
 Heap Min Capacity: 8M
 Heap Initial Capacity: 62M
 Heap Max Capacity: 970M
 Pre-touch: Disabled
 Parallel Workers: 4
 Concurrent Workers: 1
 Concurrent Refinement Workers: 4
 Periodic GC: Disabled

Heap:
 garbage-first heap   total 55296K, used 30578K [0x00000000c3600000, 0x0000000100000000)
  region size 1024K, 4 young (4096K), 3 survivors (3072K)
 Metaspace       used 72225K, committed 72960K, reserved 1114112K
  class space    used 9545K, committed 9856K, reserved 1048576K

Heap Regions: E=young(eden), S=young(survivor), O=old, HS=humongous(starts), HC=humongous(continues), CS=collection set, F=free, TAMS=top-at-mark-start, PB=parsable bottom
|   0|0x00000000c3600000, 0x00000000c3700000, 0x00000000c3700000|100%|HS|  |TAMS 0x00000000c3700000| PB 0x00000000c3600000| Complete 
|   1|0x00000000c3700000, 0x00000000c3800000, 0x00000000c3800000|100%| O|  |TAMS 0x00000000c3800000| PB 0x00000000c3700000| Untracked 
|   2|0x00000000c3800000, 0x00000000c3900000, 0x00000000c3900000|100%| O|  |TAMS 0x00000000c3900000| PB 0x00000000c3800000| Untracked 
|   3|0x00000000c3900000, 0x00000000c3a00000, 0x00000000c3a00000|100%| O|  |TAMS 0x00000000c3a00000| PB 0x00000000c3900000| Untracked 
|   4|0x00000000c3a00000, 0x00000000c3b00000, 0x00000000c3b00000|100%| O|  |TAMS 0x00000000c3b00000| PB 0x00000000c3a00000| Untracked 
|   5|0x00000000c3b00000, 0x00000000c3c00000, 0x00000000c3c00000|100%| O|  |TAMS 0x00000000c3c00000| PB 0x00000000c3b00000| Untracked 
|   6|0x00000000c3c00000, 0x00000000c3d00000, 0x00000000c3d00000|100%| O|  |TAMS 0x00000000c3d00000| PB 0x00000000c3c00000| Untracked 
|   7|0x00000000c3d00000, 0x00000000c3e00000, 0x00000000c3e00000|100%| O|  |TAMS 0x00000000c3e00000| PB 0x00000000c3d00000| Untracked 
|   8|0x00000000c3e00000, 0x00000000c3f00000, 0x00000000c3f00000|100%| O|  |TAMS 0x00000000c3f00000| PB 0x00000000c3e00000| Untracked 
|   9|0x00000000c3f00000, 0x00000000c4000000, 0x00000000c4000000|100%| O|  |TAMS 0x00000000c4000000| PB 0x00000000c3f00000| Untracked 
|  10|0x00000000c4000000, 0x00000000c4100000, 0x00000000c4100000|100%| O|  |TAMS 0x00000000c4100000| PB 0x00000000c4000000| Untracked 
|  11|0x00000000c4100000, 0x00000000c413b420, 0x00000000c4200000| 23%| O|  |TAMS 0x00000000c4100000| PB 0x00000000c4100000| Untracked 
|  12|0x00000000c4200000, 0x00000000c4300000, 0x00000000c4300000|100%| O|  |TAMS 0x00000000c4300000| PB 0x00000000c4200000| Untracked 
|  13|0x00000000c4300000, 0x00000000c4400000, 0x00000000c4400000|100%| O|  |TAMS 0x00000000c4400000| PB 0x00000000c4300000| Untracked 
|  14|0x00000000c4400000, 0x00000000c4500000, 0x00000000c4500000|100%| O|  |TAMS 0x00000000c4500000| PB 0x00000000c4400000| Untracked 
|  15|0x00000000c4500000, 0x00000000c4600000, 0x00000000c4600000|100%| O|  |TAMS 0x00000000c4600000| PB 0x00000000c4500000| Untracked 
|  16|0x00000000c4600000, 0x00000000c4700000, 0x00000000c4700000|100%| O|  |TAMS 0x00000000c4700000| PB 0x00000000c4600000| Untracked 
|  17|0x00000000c4700000, 0x00000000c4800000, 0x00000000c4800000|100%| O|  |TAMS 0x00000000c4800000| PB 0x00000000c4700000| Untracked 
|  18|0x00000000c4800000, 0x00000000c4900000, 0x00000000c4900000|100%| O|  |TAMS 0x00000000c4900000| PB 0x00000000c4800000| Untracked 
|  19|0x00000000c4900000, 0x00000000c4a00000, 0x00000000c4a00000|100%| O|  |TAMS 0x00000000c4a00000| PB 0x00000000c4900000| Untracked 
|  20|0x00000000c4a00000, 0x00000000c4b00000, 0x00000000c4b00000|100%| O|  |TAMS 0x00000000c4b00000| PB 0x00000000c4a00000| Untracked 
|  21|0x00000000c4b00000, 0x00000000c4c00000, 0x00000000c4c00000|100%| O|  |TAMS 0x00000000c4c00000| PB 0x00000000c4b00000| Untracked 
|  22|0x00000000c4c00000, 0x00000000c4d00000, 0x00000000c4d00000|100%| O|  |TAMS 0x00000000c4d00000| PB 0x00000000c4c00000| Untracked 
|  23|0x00000000c4d00000, 0x00000000c4e00000, 0x00000000c4e00000|100%| O|  |TAMS 0x00000000c4e00000| PB 0x00000000c4d00000| Untracked 
|  24|0x00000000c4e00000, 0x00000000c4f00000, 0x00000000c4f00000|100%| O|  |TAMS 0x00000000c4f00000| PB 0x00000000c4e00000| Untracked 
|  25|0x00000000c4f00000, 0x00000000c5000000, 0x00000000c5000000|100%| O|  |TAMS 0x00000000c5000000| PB 0x00000000c4f00000| Untracked 
|  26|0x00000000c5000000, 0x00000000c5100000, 0x00000000c5100000|100%| O|  |TAMS 0x00000000c503eb10| PB 0x00000000c5000000| Untracked 
|  27|0x00000000c5100000, 0x00000000c5100000, 0x00000000c5200000|  0%| F|  |TAMS 0x00000000c5100000| PB 0x00000000c5100000| Untracked 
|  28|0x00000000c5200000, 0x00000000c5300000, 0x00000000c5300000|100%| O|  |TAMS 0x00000000c5300000| PB 0x00000000c5200000| Untracked 
|  29|0x00000000c5300000, 0x00000000c5300000, 0x00000000c5400000|  0%| F|  |TAMS 0x00000000c5300000| PB 0x00000000c5300000| Untracked 
|  30|0x00000000c5400000, 0x00000000c5400000, 0x00000000c5500000|  0%| F|  |TAMS 0x00000000c5400000| PB 0x00000000c5400000| Untracked 
|  31|0x00000000c5500000, 0x00000000c5500000, 0x00000000c5600000|  0%| F|  |TAMS 0x00000000c5500000| PB 0x00000000c5500000| Untracked 
|  32|0x00000000c5600000, 0x00000000c5600000, 0x00000000c5700000|  0%| F|  |TAMS 0x00000000c5600000| PB 0x00000000c5600000| Untracked 
|  33|0x00000000c5700000, 0x00000000c5700000, 0x00000000c5800000|  0%| F|  |TAMS 0x00000000c5700000| PB 0x00000000c5700000| Untracked 
|  34|0x00000000c5800000, 0x00000000c58a15f8, 0x00000000c5900000| 63%| S|CS|TAMS 0x00000000c5800000| PB 0x00000000c5800000| Complete 
|  35|0x00000000c5900000, 0x00000000c5a00000, 0x00000000c5a00000|100%| S|CS|TAMS 0x00000000c5900000| PB 0x00000000c5900000| Complete 
|  36|0x00000000c5a00000, 0x00000000c5b00000, 0x00000000c5b00000|100%| S|CS|TAMS 0x00000000c5a00000| PB 0x00000000c5a00000| Complete 
|  37|0x00000000c5b00000, 0x00000000c5b00000, 0x00000000c5c00000|  0%| F|  |TAMS 0x00000000c5b00000| PB 0x00000000c5b00000| Untracked 
|  38|0x00000000c5c00000, 0x00000000c5c00000, 0x00000000c5d00000|  0%| F|  |TAMS 0x00000000c5c00000| PB 0x00000000c5c00000| Untracked 
|  39|0x00000000c5d00000, 0x00000000c5d00000, 0x00000000c5e00000|  0%| F|  |TAMS 0x00000000c5d00000| PB 0x00000000c5d00000| Untracked 
|  40|0x00000000c5e00000, 0x00000000c5e00000, 0x00000000c5f00000|  0%| F|  |TAMS 0x00000000c5e00000| PB 0x00000000c5e00000| Untracked 
|  41|0x00000000c5f00000, 0x00000000c5f00000, 0x00000000c6000000|  0%| F|  |TAMS 0x00000000c5f00000| PB 0x00000000c5f00000| Untracked 
|  42|0x00000000c6000000, 0x00000000c6000000, 0x00000000c6100000|  0%| F|  |TAMS 0x00000000c6000000| PB 0x00000000c6000000| Untracked 
|  43|0x00000000c6100000, 0x00000000c6100000, 0x00000000c6200000|  0%| F|  |TAMS 0x00000000c6100000| PB 0x00000000c6100000| Untracked 
|  44|0x00000000c6200000, 0x00000000c6200000, 0x00000000c6300000|  0%| F|  |TAMS 0x00000000c6200000| PB 0x00000000c6200000| Untracked 
|  45|0x00000000c6300000, 0x00000000c6300000, 0x00000000c6400000|  0%| F|  |TAMS 0x00000000c6300000| PB 0x00000000c6300000| Untracked 
|  46|0x00000000c6400000, 0x00000000c6400000, 0x00000000c6500000|  0%| F|  |TAMS 0x00000000c6400000| PB 0x00000000c6400000| Untracked 
|  47|0x00000000c6500000, 0x00000000c6500000, 0x00000000c6600000|  0%| F|  |TAMS 0x00000000c6500000| PB 0x00000000c6500000| Untracked 
|  48|0x00000000c6600000, 0x00000000c6600000, 0x00000000c6700000|  0%| F|  |TAMS 0x00000000c6600000| PB 0x00000000c6600000| Untracked 
|  49|0x00000000c6700000, 0x00000000c6700000, 0x00000000c6800000|  0%| F|  |TAMS 0x00000000c6700000| PB 0x00000000c6700000| Untracked 
|  50|0x00000000c6800000, 0x00000000c6800000, 0x00000000c6900000|  0%| F|  |TAMS 0x00000000c6800000| PB 0x00000000c6800000| Untracked 
|  51|0x00000000c6900000, 0x00000000c6900000, 0x00000000c6a00000|  0%| F|  |TAMS 0x00000000c6900000| PB 0x00000000c6900000| Untracked 
|  52|0x00000000c6a00000, 0x00000000c6a00000, 0x00000000c6b00000|  0%| F|  |TAMS 0x00000000c6a00000| PB 0x00000000c6a00000| Untracked 
|  61|0x00000000c7300000, 0x00000000c7301260, 0x00000000c7400000|  0%| E|  |TAMS 0x00000000c7300000| PB 0x00000000c7300000| Complete 

Card table byte_map: [0x0000027253cd0000,0x0000027253ec0000] _byte_map_base: 0x00000272536b5000

Marking Bits: (CMBitMap*) 0x000002723c6c2e30
 Bits: [0x0000027253ec0000, 0x0000027254de8000)

Polling page: 0x000002723a640000

Metaspace:

Usage:
  Non-class:     61.21 MB used.
      Class:      9.32 MB used.
       Both:     70.53 MB used.

Virtual space:
  Non-class space:       64.00 MB reserved,      61.62 MB ( 96%) committed,  1 nodes.
      Class space:        1.00 GB reserved,       9.62 MB ( <1%) committed,  1 nodes.
             Both:        1.06 GB reserved,      71.25 MB (  7%) committed. 

Chunk freelists:
   Non-Class:  2.34 MB
       Class:  6.34 MB
        Both:  8.69 MB

MaxMetaspaceSize: unlimited
CompressedClassSpaceSize: 1.00 GB
Initial GC threshold: 21.00 MB
Current GC threshold: 99.06 MB
CDS: on
 - commit_granule_bytes: 65536.
 - commit_granule_words: 8192.
 - virtual_space_node_default_size: 8388608.
 - enlarge_chunks_in_place: 1.
 - use_allocation_guard: 0.


Internal statistics:

num_allocs_failed_limit: 11.
num_arena_births: 948.
num_arena_deaths: 0.
num_vsnodes_births: 2.
num_vsnodes_deaths: 0.
num_space_committed: 1140.
num_space_uncommitted: 0.
num_chunks_returned_to_freelist: 11.
num_chunks_taken_from_freelist: 3433.
num_chunk_merges: 3.
num_chunk_splits: 2492.
num_chunks_enlarged: 1929.
num_inconsistent_stats: 0.

CodeHeap 'non-profiled nmethods': size=120000Kb used=3789Kb max_used=3789Kb free=116210Kb
 bounds [0x000002724c5b0000, 0x000002724c980000, 0x0000027253ae0000]
CodeHeap 'profiled nmethods': size=120000Kb used=11545Kb max_used=11740Kb free=108454Kb
 bounds [0x0000027244ae0000, 0x0000027245660000, 0x000002724c010000]
CodeHeap 'non-nmethods': size=5760Kb used=2016Kb max_used=2074Kb free=3743Kb
 bounds [0x000002724c010000, 0x000002724c280000, 0x000002724c5b0000]
 total_blobs=6427 nmethods=5673 adapters=657
 compilation: enabled
              stopped_count=0, restarted_count=0
 full_count=0

Compilation events (20 events):
Event: 40.609 Thread 0x000002725727c990 nmethod 6407 0x000002724c75dc10 code [0x000002724c75de60, 0x000002724c75eb88]
Event: 40.609 Thread 0x000002725727c990 6408       4       org.springframework.boot.autoconfigure.condition.ConditionEvaluationReport::lambda$addNoMatchOutcomeToAncestors$2 (41 bytes)
Event: 40.616 Thread 0x000002725727c990 nmethod 6408 0x000002724c75c490 code [0x000002724c75c6e0, 0x000002724c75d228]
Event: 40.798 Thread 0x0000027257283340 6413       3       org.springframework.core.annotation.AnnotationAwareOrderComparator::findOrderFromAnnotation (69 bytes)
Event: 40.800 Thread 0x0000027257283340 nmethod 6413 0x0000027244b7e690 code [0x0000027244b7e8c0, 0x0000027244b7f200]
Event: 40.800 Thread 0x0000027257283340 6414       3       org.springframework.core.annotation.AnnotationAwareOrderComparator::findOrder (18 bytes)
Event: 40.801 Thread 0x0000027257283340 nmethod 6414 0x0000027244b7dd90 code [0x0000027244b7df80, 0x0000027244b7e520]
Event: 40.801 Thread 0x0000027257283340 6415       3       org.springframework.core.annotation.MergedAnnotationSelectors$Nearest::isBestCandidate (15 bytes)
Event: 40.801 Thread 0x0000027257283340 nmethod 6415 0x0000027244f1fa90 code [0x0000027244f1fc40, 0x0000027244f1fe70]
Event: 40.801 Thread 0x000002725727c990 6416       4       org.springframework.core.ResolvableType::resolveType (146 bytes)
Event: 40.801 Thread 0x0000027257283340 6417       3       org.springframework.core.ResolvableType::<init> (39 bytes)
Event: 40.802 Thread 0x0000027257283340 nmethod 6417 0x0000027244c0bc90 code [0x0000027244c0be60, 0x0000027244c0c210]
Event: 40.856 Thread 0x0000027257283340 6418       3       java.lang.invoke.MethodHandles::dropArgumentChecks (92 bytes)
Event: 40.858 Thread 0x0000027257283340 nmethod 6418 0x000002724519fb10 code [0x000002724519ff20, 0x00000272451a1fa8]
Event: 40.858 Thread 0x0000027257283340 6419       3       java.lang.invoke.BoundMethodHandle$Species_LL::copyWithExtendL (25 bytes)
Event: 40.859 Thread 0x0000027257283340 nmethod 6419 0x0000027244b7d610 code [0x0000027244b7d7e0, 0x0000027244b7dc40]
Event: 40.879 Thread 0x0000027257283340 6420       3       jdk.internal.misc.Unsafe::getAndAddLong (27 bytes)
Event: 40.880 Thread 0x0000027257283340 nmethod 6420 0x0000027244b7d110 code [0x0000027244b7d2c0, 0x0000027244b7d500]
Event: 40.880 Thread 0x0000027257283340 6421       3       jdk.internal.misc.Unsafe::weakCompareAndSetLong (11 bytes)
Event: 40.880 Thread 0x0000027257283340 nmethod 6421 0x0000027244b7cb10 code [0x0000027244b7cca0, 0x0000027244b7cdc8]

GC Heap History (20 events):
Event: 17.848 GC heap before
{Heap before GC invocations=8 (full 0):
 garbage-first heap   total 55296K, used 45925K [0x00000000c3600000, 0x0000000100000000)
  region size 1024K, 29 young (29696K), 2 survivors (2048K)
 Metaspace       used 33038K, committed 33536K, reserved 1114112K
  class space    used 4144K, committed 4352K, reserved 1048576K
}
Event: 17.854 GC heap after
{Heap after GC invocations=9 (full 0):
 garbage-first heap   total 55296K, used 21178K [0x00000000c3600000, 0x0000000100000000)
  region size 1024K, 4 young (4096K), 4 survivors (4096K)
 Metaspace       used 33038K, committed 33536K, reserved 1114112K
  class space    used 4144K, committed 4352K, reserved 1048576K
}
Event: 19.145 GC heap before
{Heap before GC invocations=9 (full 0):
 garbage-first heap   total 55296K, used 40634K [0x00000000c3600000, 0x0000000100000000)
  region size 1024K, 24 young (24576K), 4 survivors (4096K)
 Metaspace       used 35606K, committed 36096K, reserved 1114112K
  class space    used 4477K, committed 4672K, reserved 1048576K
}
Event: 19.153 GC heap after
{Heap after GC invocations=10 (full 0):
 garbage-first heap   total 55296K, used 22781K [0x00000000c3600000, 0x0000000100000000)
  region size 1024K, 2 young (2048K), 2 survivors (2048K)
 Metaspace       used 35606K, committed 36096K, reserved 1114112K
  class space    used 4477K, committed 4672K, reserved 1048576K
}
Event: 21.824 GC heap before
{Heap before GC invocations=11 (full 0):
 garbage-first heap   total 55296K, used 47357K [0x00000000c3600000, 0x0000000100000000)
  region size 1024K, 26 young (26624K), 2 survivors (2048K)
 Metaspace       used 44440K, committed 44992K, reserved 1114112K
  class space    used 5474K, committed 5696K, reserved 1048576K
}
Event: 21.829 GC heap after
{Heap after GC invocations=12 (full 0):
 garbage-first heap   total 55296K, used 24884K [0x00000000c3600000, 0x0000000100000000)
  region size 1024K, 4 young (4096K), 4 survivors (4096K)
 Metaspace       used 44440K, committed 44992K, reserved 1114112K
  class space    used 5474K, committed 5696K, reserved 1048576K
}
Event: 23.684 GC heap before
{Heap before GC invocations=12 (full 0):
 garbage-first heap   total 55296K, used 46388K [0x00000000c3600000, 0x0000000100000000)
  region size 1024K, 25 young (25600K), 4 survivors (4096K)
 Metaspace       used 48604K, committed 49216K, reserved 1114112K
  class space    used 6051K, committed 6336K, reserved 1048576K
}
Event: 23.689 GC heap after
{Heap after GC invocations=13 (full 0):
 garbage-first heap   total 55296K, used 25876K [0x00000000c3600000, 0x0000000100000000)
  region size 1024K, 2 young (2048K), 2 survivors (2048K)
 Metaspace       used 48604K, committed 49216K, reserved 1114112K
  class space    used 6051K, committed 6336K, reserved 1048576K
}
Event: 26.943 GC heap before
{Heap before GC invocations=13 (full 0):
 garbage-first heap   total 55296K, used 48404K [0x00000000c3600000, 0x0000000100000000)
  region size 1024K, 24 young (24576K), 2 survivors (2048K)
 Metaspace       used 53356K, committed 54016K, reserved 1114112K
  class space    used 6831K, committed 7104K, reserved 1048576K
}
Event: 26.952 GC heap after
{Heap after GC invocations=14 (full 0):
 garbage-first heap   total 55296K, used 26646K [0x00000000c3600000, 0x0000000100000000)
  region size 1024K, 3 young (3072K), 3 survivors (3072K)
 Metaspace       used 53356K, committed 54016K, reserved 1114112K
  class space    used 6831K, committed 7104K, reserved 1048576K
}
Event: 28.952 GC heap before
{Heap before GC invocations=14 (full 0):
 garbage-first heap   total 55296K, used 46102K [0x00000000c3600000, 0x0000000100000000)
  region size 1024K, 23 young (23552K), 3 survivors (3072K)
 Metaspace       used 57564K, committed 58240K, reserved 1114112K
  class space    used 7351K, committed 7680K, reserved 1048576K
}
Event: 28.960 GC heap after
{Heap after GC invocations=15 (full 0):
 garbage-first heap   total 55296K, used 27416K [0x00000000c3600000, 0x0000000100000000)
  region size 1024K, 2 young (2048K), 2 survivors (2048K)
 Metaspace       used 57564K, committed 58240K, reserved 1114112K
  class space    used 7351K, committed 7680K, reserved 1048576K
}
Event: 30.198 GC heap before
{Heap before GC invocations=15 (full 0):
 garbage-first heap   total 55296K, used 35608K [0x00000000c3600000, 0x0000000100000000)
  region size 1024K, 12 young (12288K), 2 survivors (2048K)
 Metaspace       used 59996K, committed 60608K, reserved 1114112K
  class space    used 7614K, committed 7936K, reserved 1048576K
}
Event: 30.209 GC heap after
{Heap after GC invocations=16 (full 0):
 garbage-first heap   total 55296K, used 28024K [0x00000000c3600000, 0x0000000100000000)
  region size 1024K, 2 young (2048K), 2 survivors (2048K)
 Metaspace       used 59996K, committed 60608K, reserved 1114112K
  class space    used 7614K, committed 7936K, reserved 1048576K
}
Event: 33.147 GC heap before
{Heap before GC invocations=17 (full 0):
 garbage-first heap   total 55296K, used 48504K [0x00000000c3600000, 0x0000000100000000)
  region size 1024K, 22 young (22528K), 2 survivors (2048K)
 Metaspace       used 64537K, committed 65216K, reserved 1114112K
  class space    used 8480K, committed 8768K, reserved 1048576K
}
Event: 33.167 GC heap after
{Heap after GC invocations=18 (full 0):
 garbage-first heap   total 55296K, used 28622K [0x00000000c3600000, 0x0000000100000000)
  region size 1024K, 2 young (2048K), 2 survivors (2048K)
 Metaspace       used 64537K, committed 65216K, reserved 1114112K
  class space    used 8480K, committed 8768K, reserved 1048576K
}
Event: 36.970 GC heap before
{Heap before GC invocations=18 (full 0):
 garbage-first heap   total 55296K, used 48078K [0x00000000c3600000, 0x0000000100000000)
  region size 1024K, 22 young (22528K), 2 survivors (2048K)
 Metaspace       used 69033K, committed 69696K, reserved 1114112K
  class space    used 9052K, committed 9344K, reserved 1048576K
}
Event: 37.000 GC heap after
{Heap after GC invocations=19 (full 0):
 garbage-first heap   total 55296K, used 29165K [0x00000000c3600000, 0x0000000100000000)
  region size 1024K, 3 young (3072K), 3 survivors (3072K)
 Metaspace       used 69033K, committed 69696K, reserved 1114112K
  class space    used 9052K, committed 9344K, reserved 1048576K
}
Event: 40.881 GC heap before
{Heap before GC invocations=19 (full 0):
 garbage-first heap   total 55296K, used 46573K [0x00000000c3600000, 0x0000000100000000)
  region size 1024K, 20 young (20480K), 3 survivors (3072K)
 Metaspace       used 72225K, committed 72960K, reserved 1114112K
  class space    used 9545K, committed 9856K, reserved 1048576K
}
Event: 40.892 GC heap after
{Heap after GC invocations=20 (full 0):
 garbage-first heap   total 55296K, used 30578K [0x00000000c3600000, 0x0000000100000000)
  region size 1024K, 3 young (3072K), 3 survivors (3072K)
 Metaspace       used 72225K, committed 72960K, reserved 1114112K
  class space    used 9545K, committed 9856K, reserved 1048576K
}

Dll operation events (13 events):
Event: 0.013 Loaded shared library C:\Program Files\Java\jdk-21\bin\java.dll
Event: 0.014 Loaded shared library C:\Program Files\Java\jdk-21\bin\zip.dll
Event: 0.061 Loaded shared library C:\Program Files\Java\jdk-21\bin\jsvml.dll
Event: 1.188 Loaded shared library C:\Program Files\Java\jdk-21\bin\instrument.dll
Event: 1.250 Loaded shared library C:\Program Files\Java\jdk-21\bin\net.dll
Event: 1.254 Loaded shared library C:\Program Files\Java\jdk-21\bin\nio.dll
Event: 1.267 Loaded shared library C:\Program Files\Java\jdk-21\bin\zip.dll
Event: 1.560 Loaded shared library C:\Program Files\Java\jdk-21\bin\jimage.dll
Event: 3.639 Loaded shared library C:\Program Files\Java\jdk-21\bin\management.dll
Event: 3.646 Loaded shared library C:\Program Files\Java\jdk-21\bin\management_ext.dll
Event: 9.060 Loaded shared library C:\Program Files\Java\jdk-21\bin\sunmscapi.dll
Event: 19.835 Loaded shared library C:\Program Files\Java\jdk-21\bin\extnet.dll
Event: 23.844 Loaded shared library C:\Program Files\Java\jdk-21\bin\verify.dll

Deoptimization events (20 events):
Event: 40.853 Thread 0x000002729d51feb0 DEOPT PACKING pc=0x0000027245133aa4 sp=0x000000ec262fe170
Event: 40.853 Thread 0x000002729d51feb0 DEOPT UNPACKING pc=0x000002724c0688e2 sp=0x000000ec262fd710 mode 1
Event: 40.853 Thread 0x000002729d51feb0 DEOPT PACKING pc=0x0000027245136179 sp=0x000000ec262fdf70
Event: 40.853 Thread 0x000002729d51feb0 DEOPT UNPACKING pc=0x000002724c0688e2 sp=0x000000ec262fd448 mode 1
Event: 40.853 Thread 0x000002729d51feb0 DEOPT PACKING pc=0x000002724513526c sp=0x000000ec262fe000
Event: 40.853 Thread 0x000002729d51feb0 DEOPT UNPACKING pc=0x000002724c0688e2 sp=0x000000ec262fd5b0 mode 1
Event: 40.853 Thread 0x000002729d51feb0 DEOPT PACKING pc=0x0000027245133aa4 sp=0x000000ec262fe170
Event: 40.853 Thread 0x000002729d51feb0 DEOPT UNPACKING pc=0x000002724c0688e2 sp=0x000000ec262fd710 mode 1
Event: 40.853 Thread 0x000002729d51feb0 DEOPT PACKING pc=0x0000027245136179 sp=0x000000ec262fdf70
Event: 40.853 Thread 0x000002729d51feb0 DEOPT UNPACKING pc=0x000002724c0688e2 sp=0x000000ec262fd448 mode 1
Event: 40.853 Thread 0x000002729d51feb0 DEOPT PACKING pc=0x000002724513526c sp=0x000000ec262fe000
Event: 40.853 Thread 0x000002729d51feb0 DEOPT UNPACKING pc=0x000002724c0688e2 sp=0x000000ec262fd5b0 mode 1
Event: 40.853 Thread 0x000002729d51feb0 DEOPT PACKING pc=0x0000027245133aa4 sp=0x000000ec262fe170
Event: 40.853 Thread 0x000002729d51feb0 DEOPT UNPACKING pc=0x000002724c0688e2 sp=0x000000ec262fd710 mode 1
Event: 40.854 Thread 0x000002729d51feb0 DEOPT PACKING pc=0x0000027245136179 sp=0x000000ec262fdf70
Event: 40.854 Thread 0x000002729d51feb0 DEOPT UNPACKING pc=0x000002724c0688e2 sp=0x000000ec262fd448 mode 1
Event: 40.854 Thread 0x000002729d51feb0 DEOPT PACKING pc=0x000002724513526c sp=0x000000ec262fe000
Event: 40.854 Thread 0x000002729d51feb0 DEOPT UNPACKING pc=0x000002724c0688e2 sp=0x000000ec262fd5b0 mode 1
Event: 40.854 Thread 0x000002729d51feb0 DEOPT PACKING pc=0x0000027245133aa4 sp=0x000000ec262fe170
Event: 40.854 Thread 0x000002729d51feb0 DEOPT UNPACKING pc=0x000002724c0688e2 sp=0x000000ec262fd710 mode 1

Classes loaded (20 events):
Event: 40.867 Loading class java/beans/WeakIdentityMap$Entry
Event: 40.867 Loading class java/beans/WeakIdentityMap$Entry done
Event: 40.867 Loading class com/sun/beans/introspect/ClassInfo
Event: 40.868 Loading class com/sun/beans/introspect/ClassInfo done
Event: 40.868 Loading class com/sun/beans/introspect/ClassInfo$1
Event: 40.868 Loading class com/sun/beans/util/Cache
Event: 40.869 Loading class com/sun/beans/util/Cache done
Event: 40.869 Loading class com/sun/beans/introspect/ClassInfo$1 done
Event: 40.870 Loading class com/sun/beans/util/Cache$Kind
Event: 40.870 Loading class com/sun/beans/util/Cache$Kind done
Event: 40.870 Loading class com/sun/beans/util/Cache$Kind$1
Event: 40.870 Loading class com/sun/beans/util/Cache$Kind$1 done
Event: 40.870 Loading class com/sun/beans/util/Cache$Kind$2
Event: 40.871 Loading class com/sun/beans/util/Cache$Kind$2 done
Event: 40.871 Loading class com/sun/beans/util/Cache$Kind$3
Event: 40.872 Loading class com/sun/beans/util/Cache$Kind$3 done
Event: 40.872 Loading class com/sun/beans/util/Cache$CacheEntry
Event: 40.872 Loading class com/sun/beans/util/Cache$CacheEntry done
Event: 40.874 Loading class org/springframework/boot/devtools/restart/Restarter
Event: 40.874 Loading class org/springframework/boot/devtools/restart/Restarter done

Classes unloaded (0 events):
No events

Classes redefined (0 events):
No events

Internal exceptions (20 events):
Event: 34.497 Thread 0x000002729d51feb0 Exception <a 'java/lang/NoSuchMethodError'{0x00000000c63990e8}: 'java.lang.Object java.lang.invoke.DirectMethodHandle$Holder.newInvokeSpecial(java.lang.Object, java.lang.Object, int, java.lang.Object, int, java.lang.Object, java.lang.Object)'> (0x00000000c63990e8) 
thrown [s\open\src\hotspot\share\interpreter\linkResolver.cpp, line 773]
Event: 34.509 Thread 0x000002729d51feb0 Exception <a 'java/lang/NoSuchMethodError'{0x00000000c63e1ca0}: 'java.lang.Object java.lang.invoke.DirectMethodHandle$Holder.newInvokeSpecial(java.lang.Object, java.lang.Object, java.lang.Object, java.lang.Object, java.lang.Object, java.lang.Object, java.lang.Object, int)'> (0x00000000c63e1ca0) 
thrown [s\open\src\hotspot\share\interpreter\linkResolver.cpp, line 773]
Event: 34.509 Thread 0x000002729d51feb0 Exception <a 'java/lang/NoSuchMethodError'{0x00000000c63e6a10}: 'java.lang.Object java.lang.invoke.DirectMethodHandle$Holder.invokeSpecial(java.lang.Object, java.lang.Object, java.lang.Object, java.lang.Object, java.lang.Object, java.lang.Object, java.lang.Object, java.lang.Object, int)'> (0x00000000c63e6a10) 
thrown [s\open\src\hotspot\share\interpreter\linkResolver.cpp, line 773]
Event: 34.509 Thread 0x000002729d51feb0 Exception <a 'java/lang/NoSuchMethodError'{0x00000000c63eb238}: 'java.lang.Object java.lang.invoke.Invokers$Holder.linkToTargetMethod(java.lang.Object, java.lang.Object, java.lang.Object, java.lang.Object, java.lang.Object, java.lang.Object, int, java.lang.Object)'> (0x00000000c63eb238) 
thrown [s\open\src\hotspot\share\interpreter\linkResolver.cpp, line 773]
Event: 34.689 Thread 0x000002729d51feb0 Exception <a 'java/lang/NoSuchMethodError'{0x00000000c62dbc28}: 'void java.lang.invoke.DirectMethodHandle$Holder.invokeInterface(java.lang.Object, java.lang.Object)'> (0x00000000c62dbc28) 
thrown [s\open\src\hotspot\share\interpreter\linkResolver.cpp, line 773]
Event: 35.474 Thread 0x000002729d51feb0 Implicit null exception at 0x000002724c8446f2 to 0x000002724c844b38
Event: 35.856 Thread 0x000002729d51feb0 Exception <a 'java/lang/IncompatibleClassChangeError'{0x00000000c5b0a228}: Found class java.lang.Object, but interface was expected> (0x00000000c5b0a228) 
thrown [s\open\src\hotspot\share\interpreter\linkResolver.cpp, line 840]
Event: 35.889 Thread 0x000002729d51feb0 Implicit null exception at 0x000002724c6e9af3 to 0x000002724c6eb9fc
Event: 36.309 Thread 0x000002729d51feb0 Exception <a 'java/lang/IncompatibleClassChangeError'{0x00000000c5b943b0}: Found class java.lang.Object, but interface was expected> (0x00000000c5b943b0) 
thrown [s\open\src\hotspot\share\interpreter\linkResolver.cpp, line 840]
Event: 36.892 Thread 0x000002729d51feb0 Exception <a 'java/lang/IncompatibleClassChangeError'{0x00000000c5943a00}: Found class java.lang.Object, but interface was expected> (0x00000000c5943a00) 
thrown [s\open\src\hotspot\share\interpreter\linkResolver.cpp, line 840]
Event: 37.568 Thread 0x000002729d51feb0 Exception <a 'java/lang/IncompatibleClassChangeError'{0x00000000c650a838}: Found class java.lang.Object, but interface was expected> (0x00000000c650a838) 
thrown [s\open\src\hotspot\share\interpreter\linkResolver.cpp, line 840]
Event: 37.943 Thread 0x000002729d51feb0 Exception <a 'java/lang/NoSuchMethodError'{0x00000000c64fc350}: 'java.lang.Object java.lang.invoke.DirectMethodHandle$Holder.invokeInterface(java.lang.Object, java.lang.Object, int)'> (0x00000000c64fc350) 
thrown [s\open\src\hotspot\share\interpreter\linkResolver.cpp, line 773]
Event: 37.985 Thread 0x000002729d51feb0 Implicit null exception at 0x000002724c80a8fe to 0x000002724c80a9c0
Event: 38.141 Thread 0x000002729d51feb0 Exception <a 'java/lang/IncompatibleClassChangeError'{0x00000000c629c288}: Found class java.lang.Object, but interface was expected> (0x00000000c629c288) 
thrown [s\open\src\hotspot\share\interpreter\linkResolver.cpp, line 840]
Event: 39.605 Thread 0x000002729d51feb0 Exception <a 'java/lang/NoSuchMethodError'{0x00000000c5d1c768}: 'long java.lang.invoke.DirectMethodHandle$Holder.invokeVirtual(java.lang.Object, java.lang.Object)'> (0x00000000c5d1c768) 
thrown [s\open\src\hotspot\share\interpreter\linkResolver.cpp, line 773]
Event: 39.631 Thread 0x000002729d51feb0 Exception <a 'java/io/FileNotFoundException'{0x00000000c5d4ab18}> (0x00000000c5d4ab18) 
thrown [s\open\src\hotspot\share\prims\jni.cpp, line 520]
Event: 39.741 Thread 0x000002729d51feb0 Exception <a 'java/lang/OutOfMemoryError'{0x00000000c5d9f5d8}: unable to create native thread: possibly out of memory or process/resource limits reached> (0x00000000c5d9f5d8) 
thrown [s\open\src\hotspot\share\prims\jvm.cpp, line 3013]
Event: 39.771 Thread 0x00000272a0071f90 Exception <a 'java/lang/OutOfMemoryError'{0x00000000c5dc3ac8}: unable to create native thread: possibly out of memory or process/resource limits reached> (0x00000000c5dc3ac8) 
thrown [s\open\src\hotspot\share\prims\jvm.cpp, line 3013]
Event: 39.772 Thread 0x00000272a0071f90 Exception <a 'java/lang/OutOfMemoryError'{0x00000000c5dc6230}: unable to create native thread: possibly out of memory or process/resource limits reached> (0x00000000c5dc6230) 
thrown [s\open\src\hotspot\share\prims\jvm.cpp, line 3013]
Event: 40.757 Thread 0x000002729d51feb0 Exception <a 'java/lang/NoClassDefFoundError'{0x00000000c5b00c80}: liquibase/exception/ChangeLogParseException> (0x00000000c5b00c80) 
thrown [s\open\src\hotspot\share\classfile\systemDictionary.cpp, line 301]

ZGC Phase Switch (0 events):
No events

VM Operations (20 events):
Event: 37.278 Executing VM operation: HandshakeAllThreads (Deoptimize)
Event: 37.278 Executing VM operation: HandshakeAllThreads (Deoptimize) done
Event: 37.672 Executing VM operation: HandshakeAllThreads (Deoptimize)
Event: 37.672 Executing VM operation: HandshakeAllThreads (Deoptimize) done
Event: 37.674 Executing VM operation: HandshakeAllThreads (Deoptimize)
Event: 37.674 Executing VM operation: HandshakeAllThreads (Deoptimize) done
Event: 38.682 Executing VM operation: Cleanup
Event: 38.700 Executing VM operation: Cleanup done
Event: 38.828 Executing VM operation: HandshakeAllThreads (Deoptimize)
Event: 38.828 Executing VM operation: HandshakeAllThreads (Deoptimize) done
Event: 38.829 Executing VM operation: HandshakeAllThreads (Deoptimize)
Event: 38.829 Executing VM operation: HandshakeAllThreads (Deoptimize) done
Event: 39.647 Executing VM operation: HandshakeAllThreads (Deoptimize)
Event: 39.647 Executing VM operation: HandshakeAllThreads (Deoptimize) done
Event: 40.544 Executing VM operation: HandshakeAllThreads (Deoptimize)
Event: 40.544 Executing VM operation: HandshakeAllThreads (Deoptimize) done
Event: 40.544 Executing VM operation: Cleanup
Event: 40.544 Executing VM operation: Cleanup done
Event: 40.881 Executing VM operation: G1CollectForAllocation (G1 Evacuation Pause)
Event: 40.893 Executing VM operation: G1CollectForAllocation (G1 Evacuation Pause) done

Events (20 events):
Event: 30.422 Thread 0x000002725724b0d0 flushing nmethod 0x000002724c672990
Event: 30.422 Thread 0x000002725724b0d0 flushing nmethod 0x000002724c65c490
Event: 30.422 Thread 0x000002725724b0d0 flushing nmethod 0x000002724c683110
Event: 30.422 Thread 0x000002725724b0d0 flushing nmethod 0x000002724c680790
Event: 30.422 Thread 0x000002725724b0d0 flushing nmethod 0x000002724c67ec90
Event: 30.422 Thread 0x000002725724b0d0 flushing nmethod 0x000002724c67e310
Event: 30.422 Thread 0x000002725724b0d0 flushing nmethod 0x000002724c668e10
Event: 30.422 Thread 0x000002725724b0d0 flushing nmethod 0x000002724c61d890
Event: 30.422 Thread 0x000002725724b0d0 flushing nmethod 0x000002724c635190
Event: 30.422 Thread 0x000002725724b0d0 flushing nmethod 0x000002724c630210
Event: 30.422 Thread 0x000002725724b0d0 flushing nmethod 0x000002724c62f390
Event: 30.422 Thread 0x000002725724b0d0 flushing nmethod 0x000002724c5bd710
Event: 39.721 Thread 0x00000272a0071f90 Thread added: 0x00000272a0071f90
Event: 39.793 Thread 0x00000272a0072cb0 Thread added: 0x00000272a0072cb0
Event: 39.814 Thread 0x00000272a0974480 Thread exited: 0x00000272a0974480
Event: 40.517 Thread 0x00000272a0072cb0 Thread exited: 0x00000272a0072cb0
Event: 40.864 Thread 0x000002729d51feb0 Thread exited: 0x000002729d51feb0
Event: 40.875 Thread 0x000002729d51f020 Thread exited: 0x000002729d51f020
Event: 40.880 Thread 0x000002723a490cc0 Thread exited: 0x000002723a490cc0
Event: 40.881 Thread 0x00000272a006fec0 Thread added: 0x00000272a006fec0


Dynamic libraries:
0x00007ff6c3ad0000 - 0x00007ff6c3ae0000 	C:\Program Files\Java\jdk-21\bin\java.exe
0x00007fffc88d0000 - 0x00007fffc8ae7000 	C:\Windows\SYSTEM32\ntdll.dll
0x00007fffc6fd0000 - 0x00007fffc7094000 	C:\Windows\System32\KERNEL32.DLL
0x00007fffc6040000 - 0x00007fffc63ed000 	C:\Windows\System32\KERNELBASE.dll
0x00007fffc5eb0000 - 0x00007fffc5fc1000 	C:\Windows\System32\ucrtbase.dll
0x00007fffbb6f0000 - 0x00007fffbb709000 	C:\Program Files\Java\jdk-21\bin\jli.dll
0x00007fffc82f0000 - 0x00007fffc83a2000 	C:\Windows\System32\ADVAPI32.dll
0x00007fffc6d20000 - 0x00007fffc6dc7000 	C:\Windows\System32\msvcrt.dll
0x00007fffc1c20000 - 0x00007fffc1c3b000 	C:\Program Files\Java\jdk-21\bin\VCRUNTIME140.dll
0x00007fffc7f10000 - 0x00007fffc7fb9000 	C:\Windows\System32\sechost.dll
0x00007fffc63f0000 - 0x00007fffc6418000 	C:\Windows\System32\bcrypt.dll
0x00007fffc6620000 - 0x00007fffc6734000 	C:\Windows\System32\RPCRT4.dll
0x00007fffc86e0000 - 0x00007fffc888e000 	C:\Windows\System32\USER32.dll
0x00007fffc5bf0000 - 0x00007fffc5c16000 	C:\Windows\System32\win32u.dll
0x00007fffc6fa0000 - 0x00007fffc6fc9000 	C:\Windows\System32\GDI32.dll
0x00007fffafe50000 - 0x00007fffb00e3000 	C:\Windows\WinSxS\amd64_microsoft.windows.common-controls_6595b64144ccf1df_6.0.22621.3672_none_2713b9d173822955\COMCTL32.dll
0x00007fffc6420000 - 0x00007fffc6539000 	C:\Windows\System32\gdi32full.dll
0x00007fffc5d90000 - 0x00007fffc5e2a000 	C:\Windows\System32\msvcp_win.dll
0x00007fffbd830000 - 0x00007fffbd83a000 	C:\Windows\SYSTEM32\VERSION.dll
0x00007fffc83b0000 - 0x00007fffc83e1000 	C:\Windows\System32\IMM32.DLL
0x00007fffc27e0000 - 0x00007fffc27ec000 	C:\Program Files\Java\jdk-21\bin\vcruntime140_1.dll
0x00007fffb92b0000 - 0x00007fffb933e000 	C:\Program Files\Java\jdk-21\bin\msvcp140.dll
0x00007fff60a80000 - 0x00007fff61797000 	C:\Program Files\Java\jdk-21\bin\server\jvm.dll
0x00007fffc80b0000 - 0x00007fffc8121000 	C:\Windows\System32\WS2_32.dll
0x00007fffc5ab0000 - 0x00007fffc5afd000 	C:\Windows\SYSTEM32\POWRPROF.dll
0x00007fffbef00000 - 0x00007fffbef34000 	C:\Windows\SYSTEM32\WINMM.dll
0x00007fffc58e0000 - 0x00007fffc58f3000 	C:\Windows\SYSTEM32\UMPDC.dll
0x00007fffc4be0000 - 0x00007fffc4bf8000 	C:\Windows\SYSTEM32\kernel.appcore.dll
0x00007fffbfd30000 - 0x00007fffbfd3a000 	C:\Program Files\Java\jdk-21\bin\jimage.dll
0x00007fffc35d0000 - 0x00007fffc3802000 	C:\Windows\SYSTEM32\DBGHELP.DLL
0x00007fffc7910000 - 0x00007fffc7c9d000 	C:\Windows\System32\combase.dll
0x00007fffc85f0000 - 0x00007fffc86c7000 	C:\Windows\System32\OLEAUT32.dll
0x00007fff96cd0000 - 0x00007fff96d02000 	C:\Windows\SYSTEM32\dbgcore.DLL
0x00007fffc5e30000 - 0x00007fffc5eab000 	C:\Windows\System32\bcryptPrimitives.dll
0x00007fffbafc0000 - 0x00007fffbaffc000 	C:\Program Files\Java\jdk-21\bin\jdwp.dll
0x00007fffbb7d0000 - 0x00007fffbb7df000 	C:\Program Files\Java\jdk-21\bin\instrument.dll
0x00007fffbb5a0000 - 0x00007fffbb5bf000 	C:\Program Files\Java\jdk-21\bin\java.dll
0x00007fffbb180000 - 0x00007fffbb198000 	C:\Program Files\Java\jdk-21\bin\zip.dll
0x00007fffc70a0000 - 0x00007fffc7908000 	C:\Windows\System32\SHELL32.dll
0x00007fffc3af0000 - 0x00007fffc43ee000 	C:\Windows\SYSTEM32\windows.storage.dll
0x00007fffc39b0000 - 0x00007fffc3aef000 	C:\Windows\SYSTEM32\wintypes.dll
0x00007fffc6740000 - 0x00007fffc6839000 	C:\Windows\System32\SHCORE.dll
0x00007fffc6cc0000 - 0x00007fffc6d1e000 	C:\Windows\System32\shlwapi.dll
0x00007fffc5b20000 - 0x00007fffc5b41000 	C:\Windows\SYSTEM32\profapi.dll
0x00007fffb8d40000 - 0x00007fffb8e17000 	C:\Program Files\Java\jdk-21\bin\jsvml.dll
0x00007fffba850000 - 0x00007fffba85c000 	C:\Program Files\Java\jdk-21\bin\dt_socket.dll
0x00007fffc4650000 - 0x00007fffc467d000 	C:\Windows\SYSTEM32\IPHLPAPI.DLL
0x00007fffc5040000 - 0x00007fffc50a9000 	C:\Windows\system32\mswsock.dll
0x00007fffbefc0000 - 0x00007fffbefd0000 	C:\Program Files\Java\jdk-21\bin\net.dll
0x00007fffc1d30000 - 0x00007fffc1e66000 	C:\Windows\SYSTEM32\WINHTTP.dll
0x00007fffbb1c0000 - 0x00007fffbb1d6000 	C:\Program Files\Java\jdk-21\bin\nio.dll
0x00007fffbd6a0000 - 0x00007fffbd6aa000 	C:\Program Files\Java\jdk-21\bin\management.dll
0x00007fffbb8d0000 - 0x00007fffbb8db000 	C:\Program Files\Java\jdk-21\bin\management_ext.dll
0x00007fffc6600000 - 0x00007fffc6608000 	C:\Windows\System32\PSAPI.DLL
0x00007fffbb8b0000 - 0x00007fffbb8be000 	C:\Program Files\Java\jdk-21\bin\sunmscapi.dll
0x00007fffc5c20000 - 0x00007fffc5d87000 	C:\Windows\System32\CRYPT32.dll
0x00007fffc5490000 - 0x00007fffc54be000 	C:\Windows\SYSTEM32\ncrypt.dll
0x00007fffc5450000 - 0x00007fffc5487000 	C:\Windows\SYSTEM32\NTASN1.dll
0x00007fffc5250000 - 0x00007fffc526b000 	C:\Windows\SYSTEM32\CRYPTSP.dll
0x00007fffc4b40000 - 0x00007fffc4b75000 	C:\Windows\system32\rsaenh.dll
0x00007fffc50f0000 - 0x00007fffc5118000 	C:\Windows\SYSTEM32\USERENV.dll
0x00007fffc5270000 - 0x00007fffc527c000 	C:\Windows\SYSTEM32\CRYPTBASE.dll
0x00007fffc8040000 - 0x00007fffc8049000 	C:\Windows\System32\NSI.dll
0x00007fffc4680000 - 0x00007fffc4778000 	C:\Windows\SYSTEM32\DNSAPI.dll
0x00007fffbe290000 - 0x00007fffbe29a000 	C:\Windows\System32\rasadhlp.dll
0x00007fffbedf0000 - 0x00007fffbee73000 	C:\Windows\System32\fwpuclnt.dll
0x00007fffbb880000 - 0x00007fffbb889000 	C:\Program Files\Java\jdk-21\bin\extnet.dll
0x00007fffbf080000 - 0x00007fffbf090000 	C:\Program Files\Java\jdk-21\bin\verify.dll

dbghelp: loaded successfully - version: 4.0.5 - missing functions: none
symbol engine: initialized successfully - sym options: 0x614 - pdb path: .;C:\Program Files\Java\jdk-21\bin;C:\Windows\SYSTEM32;C:\Windows\WinSxS\amd64_microsoft.windows.common-controls_6595b64144ccf1df_6.0.22621.3672_none_2713b9d173822955;C:\Program Files\Java\jdk-21\bin\server

VM Arguments:
jvm_args: -agentlib:jdwp=transport=dt_socket,address=127.0.0.1:50518,suspend=y,server=n -javaagent:C:\Users\ludim\AppData\Local\JetBrains\IdeaIC2024.1\captureAgent\debugger-agent.jar -Dfile.encoding=UTF-8 -Dsun.stdout.encoding=UTF-8 -Dsun.stderr.encoding=UTF-8 
java_command: br.chat.ChatOnline.ChatOnlineApplication
java_class_path (initial): C:\ChatOnline\ChatOnline\ChatOnline\target\classes;C:\Users\ludim\.m2\repository\org\springframework\boot\spring-boot-starter-web\3.3.2\spring-boot-starter-web-3.3.2.jar;C:\Users\ludim\.m2\repository\org\springframework\boot\spring-boot-starter\3.3.2\spring-boot-starter-3.3.2.jar;C:\Users\ludim\.m2\repository\org\springframework\boot\spring-boot-starter-logging\3.3.2\spring-boot-starter-logging-3.3.2.jar;C:\Users\ludim\.m2\repository\ch\qos\logback\logback-classic\1.5.6\logback-classic-1.5.6.jar;C:\Users\ludim\.m2\repository\ch\qos\logback\logback-core\1.5.6\logback-core-1.5.6.jar;C:\Users\ludim\.m2\repository\org\apache\logging\log4j\log4j-to-slf4j\2.23.1\log4j-to-slf4j-2.23.1.jar;C:\Users\ludim\.m2\repository\org\apache\logging\log4j\log4j-api\2.23.1\log4j-api-2.23.1.jar;C:\Users\ludim\.m2\repository\org\slf4j\jul-to-slf4j\2.0.13\jul-to-slf4j-2.0.13.jar;C:\Users\ludim\.m2\repository\jakarta\annotation\jakarta.annotation-api\2.1.1\jakarta.annotation-api-2.1.1.jar;C:\Users\ludim\.m2\repository\org\yaml\snakeyaml\2.2\snakeyaml-2.2.jar;C:\Users\ludim\.m2\repository\org\springframework\boot\spring-boot-starter-json\3.3.2\spring-boot-starter-json-3.3.2.jar;C:\Users\ludim\.m2\repository\com\fasterxml\jackson\datatype\jackson-datatype-jdk8\2.17.2\jackson-datatype-jdk8-2.17.2.jar;C:\Users\ludim\.m2\repository\com\fasterxml\jackson\datatype\jackson-datatype-jsr310\2.17.2\jackson-datatype-jsr310-2.17.2.jar;C:\Users\ludim\.m2\repository\com\fasterxml\jackson\module\jackson-module-parameter-names\2.17.2\jackson-module-parameter-names-2.17.2.jar;C:\Users\ludim\.m2\repository\org\springframework\boot\spring-boot-starter-tomcat\3.3.2\spring-boot-starter-tomcat-3.3.2.jar;C:\Users\ludim\.m2\repository\org\apache\tomcat\embed\tomcat-embed-core\10.1.26\tomcat-embed-core-10.1.26.jar;C:\Users\ludim\.m2\repository\org\apache\tomcat\embed\tomcat-embed-websocket\10.1.26\tomcat-embed-websocket-10.1.26.jar;C:\Users\ludim\.m2\repository\org\springframework\spring-web\6.1.11\spring-web-6.1.11.jar;C:\Users\ludim\.m2\repository\io\micrometer\micrometer-observation\1.13.2\micrometer-observation-1.13.2.jar;C:\Users\ludim\.m2\repository\io\micrometer\micrometer-commons\1.13.2\micrometer-commons-1.13.2.jar;C:\Users\ludim\.m2\repository\org\springframework\spring-webmvc\6.1.11\spring-webmvc-6.1.11.jar;C:\Users\ludim\.m2\repository\org\springframework\spring-context\6.1.11\spring-context-6.1.11.jar;C:\Users\ludim\.m2\repository\org\springframework\spring-expression\6.1.11\spring-expression-6.1.11.jar;C:\Users\ludim\.m2\repository\org\springframework\boot\spring-boot-starter-websocket\3.3.2\spring-boot-starter-websocket-3.3.2.jar;C:\Users\ludim\.m2\repository\org\springframework\spring-websocket\6.1.11\spring-websocket-6.1.11.jar;C:\Users\ludim\.m2\repository\com\fasterxml\jackson\core\jackson-core\2.17.2\jackson-core-2.17.2.jar;C:\Users\ludim\.m2\repository\com\fasterxml\jackson\core\jackson-databind\2.17.2\jackson-databind-2.17.2.jar;C:\Users\ludim\.m2\repository\com\fasterxml\jackson\core\jackson-annotations\2.17.2\jackson-annotations-2.17.2.jar;C:\Users\ludim\.m2\repository\org\springframework\spring-messaging\6.1.11\spring-messaging-6.1.11.jar;C:\Users\ludim\.m2\repository\org\springframework\spring-beans\6.1.11\spring-beans-6.1.11.jar;C:\Users\ludim\.m2\repository\org\springframework\spring-core\6.1.11\spring-core-6.1.11.jar;C:\Users\ludim\.m2\repository\org\springframework\spring-jcl\6.1.11\spring-jcl-6.1.11.jar;C:\Users\ludim\.m2\repository\org\slf4j\slf4j-api\2.0.13\slf4j-api-2.0.13.jar;C:\Users\ludim\.m2\repository\jakarta\xml\bind\jakarta.xml.bind-api\4.0.2\jakarta.xml.bind-api-4.0.2.jar;C:\Users\ludim\.m2\repository\jakarta\activation\jakarta.activation-api\2.1.3\jakarta.activation-api-2.1.3.jar;C:\Users\ludim\.m2\repository\net\bytebuddy\byte-buddy\1.14.18\byte-buddy-1.14.18.jar;C:\Users\ludim\.m2\repository\org\springframework\boot\spring-boot-devtools\3.3.2\spring-boot-devtools-3.3.2.jar;C:\Users\ludim\.m2\repository\org\springframework\boot\spring-boot\3.3.2\spring-boot-3.3.2.jar;C:\Users\ludim\.m2\repository\org\springframework\boot\spring-boot-autoconfigure\3.3.2\spring-boot-autoconfigure-3.3.2.jar;C:\Users\ludim\.m2\repository\org\projectlombok\lombok\1.18.34\lombok-1.18.34.jar;C:\Users\ludim\.m2\repository\org\springframework\boot\spring-boot-starter-data-jpa\3.3.2\spring-boot-starter-data-jpa-3.3.2.jar;C:\Users\ludim\.m2\repository\org\springframework\boot\spring-boot-starter-aop\3.3.2\spring-boot-starter-aop-3.3.2.jar;C:\Users\ludim\.m2\repository\org\aspectj\aspectjweaver\1.9.22.1\aspectjweaver-1.9.22.1.jar;C:\Users\ludim\.m2\repository\org\springframework\boot\spring-boot-starter-jdbc\3.3.2\spring-boot-starter-jdbc-3.3.2.jar;C:\Users\ludim\.m2\repository\com\zaxxer\HikariCP\5.1.0\HikariCP-5.1.0.jar;C:\Users\ludim\.m2\repository\org\springframework\spring-jdbc\6.1.11\spring-jdbc-6.1.11.jar;C:\Users\ludim\.m2\repository\org\hibernate\orm\hibernate-core\6.5.2.Final\hibernate-core-6.5.2.Final.jar;C:\Users\ludim\.m2\repository\jakarta\persistence\jakarta.persistence-api\3.1.0\jakarta.persistence-api-3.1.0.jar;C:\Users\ludim\.m2\repository\jakarta\transaction\jakarta.transaction-api\2.0.1\jakarta.transaction-api-2.0.1.jar;C:\Users\ludim\.m2\repository\org\jboss\logging\jboss-logging\3.5.3.Final\jboss-logging-3.5.3.Final.jar;C:\Users\ludim\.m2\repository\org\hibernate\common\hibernate-commons-annotations\6.0.6.Final\hibernate-commons-annotations-6.0.6.Final.jar;C:\Users\ludim\.m2\repository\io\smallrye\jandex\3.1.2\jandex-3.1.2.jar;C:\Users\ludim\.m2\repository\com\fasterxml\classmate\1.7.0\classmate-1.7.0.jar;C:\Users\ludim\.m2\repository\org\glassfish\jaxb\jaxb-runtime\4.0.5\jaxb-runtime-4.0.5.jar;C:\Users\ludim\.m2\repository\org\glassfish\jaxb\jaxb-core\4.0.5\jaxb-core-4.0.5.jar;C:\Users\ludim\.m2\repository\org\eclipse\angus\angus-activation\2.0.2\angus-activation-2.0.2.jar;C:\Users\ludim\.m2\repository\org\glassfish\jaxb\txw2\4.0.5\txw2-4.0.5.jar;C:\Users\ludim\.m2\repository\com\sun\istack\istack-commons-runtime\4.1.2\istack-commons-runtime-4.1.2.jar;C:\Users\ludim\.m2\repository\jakarta\inject\jakarta.inject-api\2.0.1\jakarta.inject-api-2.0.1.jar;C:\Users\ludim\.m2\repository\org\antlr\antlr4-runtime\4.13.0\antlr4-runtime-4.13.0.jar;C:\Users\ludim\.m2\repository\org\springframework\data\spring-data-jpa\3.3.2\spring-data-jpa-3.3.2.jar;C:\Users\ludim\.m2\repository\org\springframework\data\spring-data-commons\3.3.2\spring-data-commons-3.3.2.jar;C:\Users\ludim\.m2\repository\org\springframework\spring-orm\6.1.11\spring-orm-6.1.11.jar;C:\Users\ludim\.m2\repository\org\springframework\spring-tx\6.1.11\spring-tx-6.1.11.jar;C:\Users\ludim\.m2\repository\org\springframework\spring-aspects\6.1.11\spring-aspects-6.1.11.jar;C:\Users\ludim\.m2\repository\org\springframework\boot\spring-boot-starter-validation\3.3.2\spring-boot-starter-validation-3.3.2.jar;C:\Users\ludim\.m2\repository\org\apache\tomcat\embed\tomcat-embed-el\10.1.26\tomcat-embed-el-10.1.26.jar;C:\Users\ludim\.m2\repository\org\hibernate\validator\hibernate-validator\8.0.1.Final\hibernate-validator-8.0.1.Final.jar;C:\Users\ludim\.m2\repository\jakarta\validation\jakarta.validation-api\3.0.2\jakarta.validation-api-3.0.2.jar;C:\Users\ludim\.m2\repository\org\flywaydb\flyway-core\10.10.0\flyway-core-10.10.0.jar;C:\Users\ludim\.m2\repository\com\fasterxml\jackson\dataformat\jackson-dataformat-toml\2.17.2\jackson-dataformat-toml-2.17.2.jar;C:\Users\ludim\.m2\repository\com\google\code\gson\gson\2.10.1\gson-2.10.1.jar;C:\Users\ludim\.m2\repository\org\flywaydb\flyway-mysql\10.10.0\flyway-mysql-10.10.0.jar;C:\Users\ludim\.m2\repository\com\mysql\mysql-connector-j\8.3.0\mysql-connector-j-8.3.0.jar;C:\Users\ludim\.m2\repository\org\springframework\boot\spring-boot-starter-security\3.3.2\spring-boot-starter-security-3.3.2.jar;C:\Users\ludim\.m2\repository\org\springframework\spring-aop\6.1.11\spring-aop-6.1.11.jar;C:\Users\ludim\.m2\repository\org\springframework\security\spring-security-config\6.3.1\spring-security-config-6.3.1.jar;C:\Users\ludim\.m2\repository\org\springframework\security\spring-security-web\6.3.1\spring-security-web-6.3.1.jar;C:\Users\ludim\.m2\repository\org\springframework\security\spring-security-core\6.3.1\spring-security-core-6.3.1.jar;C:\Users\ludim\.m2\repository\org\springframework\security\spring-security-crypto\6.3.1\spring-security-crypto-6.3.1.jar;C:\Users\ludim\.m2\repository\com\auth0\java-jwt\4.2.1\java-jwt-4.2.1.jar;C:\Users\ludim\.m2\repository\org\springdoc\springdoc-openapi-starter-webmvc-ui\2.5.0\springdoc-openapi-starter-webmvc-ui-2.5.0.jar;C:\Users\ludim\.m2\repository\org\springdoc\springdoc-openapi-starter-webmvc-api\2.5.0\springdoc-openapi-starter-webmvc-api-2.5.0.jar;C:\Users\ludim\.m2\repository\org\springdoc\springdoc-openapi-starter-common\2.5.0\springdoc-openapi-starter-common-2.5.0.jar;C:\Users\ludim\.m2\repository\io\swagger\core\v3\swagger-core-jakarta\2.2.21\swagger-core-jakarta-2.2.21.jar;C:\Users\ludim\.m2\repository\org\apache\commons\commons-lang3\3.14.0\commons-lang3-3.14.0.jar;C:\Users\ludim\.m2\repository\io\swagger\core\v3\swagger-annotations-jakarta\2.2.21\swagger-annotations-jakarta-2.2.21.jar;C:\Users\ludim\.m2\repository\io\swagger\core\v3\swagger-models-jakarta\2.2.21\swagger-models-jakarta-2.2.21.jar;C:\Users\ludim\.m2\repository\com\fasterxml\jackson\dataformat\jackson-dataformat-yaml\2.17.2\jackson-dataformat-yaml-2.17.2.jar;C:\Users\ludim\.m2\repository\org\webjars\swagger-ui\5.13.0\swagger-ui-5.13.0.jar;C:\Program Files\JetBrains\IntelliJ IDEA Community Edition 2023.3.6\lib\idea_rt.jar
Launcher Type: SUN_STANDARD

[Global flags]
     intx CICompilerCount                          = 3                                         {product} {ergonomic}
     uint ConcGCThreads                            = 1                                         {product} {ergonomic}
     uint G1ConcRefinementThreads                  = 4                                         {product} {ergonomic}
   size_t G1HeapRegionSize                         = 1048576                                   {product} {ergonomic}
    uintx GCDrainStackTargetSize                   = 64                                        {product} {ergonomic}
   size_t InitialHeapSize                          = 65011712                                  {product} {ergonomic}
   size_t MarkStackSize                            = 4194304                                   {product} {ergonomic}
   size_t MaxHeapSize                              = 1017118720                                {product} {ergonomic}
   size_t MaxNewSize                               = 610271232                                 {product} {ergonomic}
   size_t MinHeapDeltaBytes                        = 1048576                                   {product} {ergonomic}
   size_t MinHeapSize                              = 8388608                                   {product} {ergonomic}
    uintx NonNMethodCodeHeapSize                   = 5832780                                {pd product} {ergonomic}
    uintx NonProfiledCodeHeapSize                  = 122912730                              {pd product} {ergonomic}
    uintx ProfiledCodeHeapSize                     = 122912730                              {pd product} {ergonomic}
    uintx ReservedCodeCacheSize                    = 251658240                              {pd product} {ergonomic}
     bool SegmentedCodeCache                       = true                                      {product} {ergonomic}
   size_t SoftMaxHeapSize                          = 1017118720                             {manageable} {ergonomic}
     bool UseCompressedOops                        = true                           {product lp64_product} {ergonomic}
     bool UseG1GC                                  = true                                      {product} {ergonomic}
     bool UseLargePagesIndividualAllocation        = false                                  {pd product} {ergonomic}

Logging:
Log output configuration:
 #0: stdout all=warning uptime,level,tags foldmultilines=false
 #1: stderr all=off uptime,level,tags foldmultilines=false

Environment Variables:
PATH=C:\Program Files\Common Files\Oracle\Java\javapath;C:\Windows\system32;C:\Windows;C:\Windows\System32\Wbem;C:\Windows\System32\WindowsPowerShell\v1.0\;C:\Windows\System32\OpenSSH\;C:\Program Files\dotnet\;C:\Windows\Microsoft.NET\Framework64\v4.0.30319;C:\Program Files\Git\cmd;C:\Program Files\nodejs\;C:\Program Files\Azure Data Studio\bin;C:\Program Files\Java\jdk-21\bin;C:\Users\ludim\AppData\Local\Programs\Python\Python310\Scripts\;C:\Users\ludim\AppData\Local\Programs\Python\Python310\;C:\Users\ludim\AppData\Local\Programs\Python\Python311\Scripts\;C:\Users\ludim\AppData\Local\Programs\Python\Python311\;C:\Users\ludim\AppData\Local\Microsoft\WindowsApps;C:\Users\ludim\.dotnet\tools;C:\Users\ludim\AppData\Local\GitHubDesktop\bin;C:\Users\ludim\AppData\Roaming\npm;C:\Program Files\Azure Data Studio\bin;C:\Users\ludim\AppData\Local\Programs\Microsoft VS Code\bin;C:\Program Files\JetBrains\IntelliJ IDEA Community Edition 2023.3.6\bin;;C:\Program Files\JetBrains\PyCharm 2024.1.4\bin;;C:\Program Files\JetBrains\PyCharm Community Edition 2024.1.4\bin;;C:\php;
USERNAME=ludim
OS=Windows_NT
PROCESSOR_IDENTIFIER=Intel64 Family 6 Model 140 Stepping 2, GenuineIntel
TMP=C:\Users\ludim\AppData\Local\Temp
TEMP=C:\Users\ludim\AppData\Local\Temp




Periodic native trim disabled

---------------  S Y S T E M  ---------------

OS:
 Windows 11 , 64 bit Build 22621 (10.0.22621.3958)
OS uptime: 7 days 1:54 hours
Hyper-V role detected

CPU: total 4 (initial active 4) (2 cores per cpu, 2 threads per core) family 6 model 140 stepping 2 microcode 0x26, cx8, cmov, fxsr, ht, mmx, 3dnowpref, sse, sse2, sse3, ssse3, sse4.1, sse4.2, popcnt, lzcnt, tsc, tscinvbit, avx, avx2, aes, erms, clmul, bmi1, bmi2, adx, avx512f, avx512dq, avx512cd, avx512bw, avx512vl, sha, fma, vzeroupper, avx512_vpopcntdq, avx512_vpclmulqdq, avx512_vaes, avx512_vnni, clflush, clflushopt, clwb, avx512_vbmi2, avx512_vbmi, hv, rdtscp, rdpid, fsrm, gfni, avx512_bitalg, f16c, cet_ibt, cet_ss, avx512_ifma
Processor Information for all 4 processors :
  Max Mhz: 2995, Current Mhz: 2995, Mhz Limit: 2995

Memory: 4k page, system-wide physical 3879M (26M free)
TotalPageFile size 15655M (AvailPageFile size 0M)
current process WorkingSet (physical memory assigned to process): 191M, peak: 205M
current process commit charge ("private bytes"): 290M, peak: 295M

vm_info: Java HotSpot(TM) 64-Bit Server VM (21.0.2+13-LTS-58) for windows-amd64 JRE (21.0.2+13-LTS-58), built on 2024-01-05T18:32:24Z by "mach5one" with MS VC++ 17.1 (VS2022)

END.
