#
# There is insufficient memory for the Java Runtime Environment to continue.
# Native memory allocation (malloc) failed to allocate 641136 bytes for Chunk::new
# Possible reasons:
#   The system is out of physical RAM or swap space
#   The process is running with CompressedOops enabled, and the Java Heap may be blocking the growth of the native heap
# Possible solutions:
#   Reduce memory load on the system
#   Increase physical memory or swap space
#   Check if swap backing store is full
#   Decrease Java heap size (-Xmx/-Xms)
#   Decrease number of Java threads
#   Decrease Java thread stack sizes (-Xss)
#   Set larger code cache with -XX:ReservedCodeCacheSize=
#   JVM is running with Unscaled Compressed Oops mode in which the Java heap is
#     placed in the first 4GB address space. The Java Heap base address is the
#     maximum limit for the native heap growth. Please use -XX:HeapBaseMinAddress
#     to set the Java Heap base and to place the Java Heap above 4GB virtual address.
# This output file may be truncated or incomplete.
#
#  Out of Memory Error (arena.cpp:168), pid=12500, tid=580
#
# JRE version: Java(TM) SE Runtime Environment (21.0.2+13) (build 21.0.2+13-LTS-58)
# Java VM: Java HotSpot(TM) 64-Bit Server VM (21.0.2+13-LTS-58, mixed mode, sharing, tiered, compressed oops, compressed class ptrs, g1 gc, windows-amd64)
# No core dump will be written. Minidumps are not enabled by default on client versions of Windows
#

---------------  S U M M A R Y ------------

Command Line: -javaagent:C:\Program Files\JetBrains\IntelliJ IDEA Community Edition 2023.3.6\lib\idea_rt.jar=51003:C:\Program Files\JetBrains\IntelliJ IDEA Community Edition 2023.3.6\bin -Dfile.encoding=UTF-8 -Dsun.stdout.encoding=UTF-8 -Dsun.stderr.encoding=UTF-8 br.chat.ChatOnline.ChatOnlineApplication

Host: 11th Gen Intel(R) Core(TM) i3-1115G4 @ 3.00GHz, 4 cores, 3G,  Windows 11 , 64 bit Build 22621 (10.0.22621.3958)
Time: Wed Sep 11 15:06:44 2024 Hora Padrão da Bahia elapsed time: 231.756136 seconds (0d 0h 3m 51s)

---------------  T H R E A D  ---------------

Current thread (0x00000292194ecb50):  JavaThread "C2 CompilerThread0" daemon [_thread_in_native, id=580, stack(0x000000c65a500000,0x000000c65a600000) (1024K)]


Current CompileTask:
C2: 231757 7174       4       jdk.internal.loader.URLClassPath::findResource (38 bytes)

Stack: [0x000000c65a500000,0x000000c65a600000]
Native frames: (J=compiled Java code, j=interpreted, Vv=VM code, C=native code)
V  [jvm.dll+0x6cade9]
V  [jvm.dll+0x8569c1]
V  [jvm.dll+0x858d2e]
V  [jvm.dll+0x859413]
V  [jvm.dll+0x280e56]
V  [jvm.dll+0xc3f3d]
V  [jvm.dll+0xc4473]
V  [jvm.dll+0x3b5bf2]
V  [jvm.dll+0x382855]
V  [jvm.dll+0x381cca]
V  [jvm.dll+0x249bd0]
V  [jvm.dll+0x2491b1]
V  [jvm.dll+0x1c9634]
V  [jvm.dll+0x258859]
V  [jvm.dll+0x256e3a]
V  [jvm.dll+0x3ef6c6]
V  [jvm.dll+0x7ff568]
V  [jvm.dll+0x6c953d]
C  [ucrtbase.dll+0x29333]
C  [KERNEL32.DLL+0x1257d]
C  [ntdll.dll+0x5af28]


---------------  P R O C E S S  ---------------

Threads class SMR info:
_java_thread_list=0x000002925f2cd1f0, length=33, elements={
0x00000292194de8c0, 0x00000292194e22a0, 0x00000292194e6770, 0x00000292194e73d0,
0x00000292194e9f40, 0x00000292194eb9b0, 0x00000292194ecb50, 0x0000029219511170,
0x000002927d71b880, 0x0000029219a247a0, 0x0000029219a26f40, 0x000002926131e010,
0x000002926179e900, 0x000002925f3a0650, 0x000002925f3a2db0, 0x000002925f3a2720,
0x000002925f39f930, 0x000002925f39ffc0, 0x000002925f3a1a00, 0x000002925f3a0ce0,
0x000002925f3a1370, 0x000002925f3a2090, 0x0000029262d6b090, 0x0000029262d6a370,
0x0000029262d6f230, 0x0000029262d6eba0, 0x0000029262d70c70, 0x0000029262d69ce0,
0x0000029262d6b720, 0x0000029262d6d7f0, 0x0000029262d6cad0, 0x0000029262d6bdb0,
0x0000029262d6de80
}

Java Threads: ( => current thread )
  0x00000292194de8c0 JavaThread "Reference Handler"          daemon [_thread_blocked, id=9204, stack(0x000000c659f00000,0x000000c65a000000) (1024K)]
  0x00000292194e22a0 JavaThread "Finalizer"                  daemon [_thread_blocked, id=3608, stack(0x000000c65a000000,0x000000c65a100000) (1024K)]
  0x00000292194e6770 JavaThread "Signal Dispatcher"          daemon [_thread_blocked, id=8848, stack(0x000000c65a100000,0x000000c65a200000) (1024K)]
  0x00000292194e73d0 JavaThread "Attach Listener"            daemon [_thread_blocked, id=18836, stack(0x000000c65a200000,0x000000c65a300000) (1024K)]
  0x00000292194e9f40 JavaThread "Service Thread"             daemon [_thread_blocked, id=10252, stack(0x000000c65a300000,0x000000c65a400000) (1024K)]
  0x00000292194eb9b0 JavaThread "Monitor Deflation Thread"   daemon [_thread_blocked, id=11652, stack(0x000000c65a400000,0x000000c65a500000) (1024K)]
=>0x00000292194ecb50 JavaThread "C2 CompilerThread0"         daemon [_thread_in_native, id=580, stack(0x000000c65a500000,0x000000c65a600000) (1024K)]
  0x0000029219511170 JavaThread "C1 CompilerThread0"         daemon [_thread_blocked, id=13244, stack(0x000000c65a600000,0x000000c65a700000) (1024K)]
  0x000002927d71b880 JavaThread "Common-Cleaner"             daemon [_thread_blocked, id=1472, stack(0x000000c65a700000,0x000000c65a800000) (1024K)]
  0x0000029219a247a0 JavaThread "Monitor Ctrl-Break"         daemon [_thread_in_native, id=21236, stack(0x000000c65a800000,0x000000c65a900000) (1024K)]
  0x0000029219a26f40 JavaThread "Notification Thread"        daemon [_thread_blocked, id=8120, stack(0x000000c65a900000,0x000000c65aa00000) (1024K)]
  0x000002926131e010 JavaThread "mysql-cj-abandoned-connection-cleanup" daemon [_thread_blocked, id=19236, stack(0x000000c65af00000,0x000000c65b000000) (1024K)]
  0x000002926179e900 JavaThread "HikariPool-1 housekeeper"   daemon [_thread_blocked, id=18052, stack(0x000000c65b100000,0x000000c65b200000) (1024K)]
  0x000002925f3a0650 JavaThread "Catalina-utility-1"                [_thread_in_Java, id=19412, stack(0x000000c65b300000,0x000000c65b400000) (1024K)]
  0x000002925f3a2db0 JavaThread "Catalina-utility-2"                [_thread_in_vm, id=10036, stack(0x000000c65b400000,0x000000c65b500000) (1024K)] _threads_hazard_ptr=0x000002925f2cd1f0
  0x000002925f3a2720 JavaThread "container-0"                       [_thread_blocked, id=2328, stack(0x000000c65b500000,0x000000c65b600000) (1024K)]
  0x000002925f39f930 JavaThread "File Watcher"               daemon [_thread_blocked, id=5184, stack(0x000000c65b600000,0x000000c65b700000) (1024K)]
  0x000002925f39ffc0 JavaThread "Live Reload Server"         daemon [_thread_in_native, id=14864, stack(0x000000c65b800000,0x000000c65b900000) (1024K)]
  0x000002925f3a1a00 JavaThread "MessageBroker-1"                   [_thread_blocked, id=3492, stack(0x000000c65b700000,0x000000c65b800000) (1024K)]
  0x000002925f3a0ce0 JavaThread "http-nio-8080-exec-1"       daemon [_thread_blocked, id=14236, stack(0x000000c65b900000,0x000000c65ba00000) (1024K)]
  0x000002925f3a1370 JavaThread "http-nio-8080-exec-2"       daemon [_thread_blocked, id=4528, stack(0x000000c65ba00000,0x000000c65bb00000) (1024K)]
  0x000002925f3a2090 JavaThread "http-nio-8080-exec-3"       daemon [_thread_blocked, id=2736, stack(0x000000c65bb00000,0x000000c65bc00000) (1024K)]
  0x0000029262d6b090 JavaThread "http-nio-8080-exec-4"       daemon [_thread_blocked, id=16356, stack(0x000000c65bc00000,0x000000c65bd00000) (1024K)]
  0x0000029262d6a370 JavaThread "http-nio-8080-exec-5"       daemon [_thread_blocked, id=7200, stack(0x000000c65bd00000,0x000000c65be00000) (1024K)]
  0x0000029262d6f230 JavaThread "http-nio-8080-exec-6"       daemon [_thread_blocked, id=7476, stack(0x000000c65be00000,0x000000c65bf00000) (1024K)]
  0x0000029262d6eba0 JavaThread "http-nio-8080-exec-7"       daemon [_thread_blocked, id=9140, stack(0x000000c65bf00000,0x000000c65c000000) (1024K)]
  0x0000029262d70c70 JavaThread "http-nio-8080-exec-8"       daemon [_thread_blocked, id=11500, stack(0x000000c65c000000,0x000000c65c100000) (1024K)]
  0x0000029262d69ce0 JavaThread "http-nio-8080-exec-9"       daemon [_thread_blocked, id=5424, stack(0x000000c65c100000,0x000000c65c200000) (1024K)]
  0x0000029262d6b720 JavaThread "http-nio-8080-exec-10"      daemon [_thread_blocked, id=9128, stack(0x000000c65c200000,0x000000c65c300000) (1024K)]
  0x0000029262d6d7f0 JavaThread "http-nio-8080-Poller"       daemon [_thread_in_native, id=16140, stack(0x000000c65c300000,0x000000c65c400000) (1024K)]
  0x0000029262d6cad0 JavaThread "http-nio-8080-Acceptor"     daemon [_thread_in_native, id=16628, stack(0x000000c65c400000,0x000000c65c500000) (1024K)]
  0x0000029262d6bdb0 JavaThread "DestroyJavaVM"                     [_thread_blocked, id=8500, stack(0x000000c659700000,0x000000c659800000) (1024K)]
  0x0000029262d6de80 JavaThread "MessageBroker-2"                   [_thread_blocked, id=15140, stack(0x000000c659400000,0x000000c659500000) (1024K)]
Total: 33

Other Threads:
  0x00000292194c3b30 VMThread "VM Thread"                           [id=16568, stack(0x000000c659e00000,0x000000c659f00000) (1024K)]
  0x00000292194bd230 WatcherThread "VM Periodic Task Thread"        [id=5960, stack(0x000000c659d00000,0x000000c659e00000) (1024K)]
  0x000002927d6ada70 WorkerThread "GC Thread#0"                     [id=2824, stack(0x000000c659800000,0x000000c659900000) (1024K)]
  0x00000292194c3790 WorkerThread "GC Thread#1"                     [id=21024, stack(0x000000c65aa00000,0x000000c65ab00000) (1024K)]
  0x00000292194c3ed0 WorkerThread "GC Thread#2"                     [id=1780, stack(0x000000c65ab00000,0x000000c65ac00000) (1024K)]
  0x00000292194c33f0 WorkerThread "GC Thread#3"                     [id=13308, stack(0x000000c65ac00000,0x000000c65ad00000) (1024K)]
  0x000002927d6b6390 ConcurrentGCThread "G1 Main Marker"            [id=7112, stack(0x000000c659900000,0x000000c659a00000) (1024K)]
  0x000002927d6b7040 WorkerThread "G1 Conc#0"                       [id=10736, stack(0x000000c659a00000,0x000000c659b00000) (1024K)]
  0x000002927d709fa0 ConcurrentGCThread "G1 Refine#0"               [id=14416, stack(0x000000c659b00000,0x000000c659c00000) (1024K)]
  0x000002927d70ab10 ConcurrentGCThread "G1 Service"                [id=17588, stack(0x000000c659c00000,0x000000c659d00000) (1024K)]
Total: 10

Threads with active compile tasks:
C2 CompilerThread0   231915 7174       4       jdk.internal.loader.URLClassPath::findResource (38 bytes)
Total: 1

VM state: not at safepoint (normal execution)

VM Mutex/Monitor currently owned by a thread: None

Heap address: 0x00000000c3600000, size: 970 MB, Compressed Oops mode: 32-bit

CDS archive(s) mapped at: [0x000002921a000000-0x000002921ac90000-0x000002921ac90000), size 13172736, SharedBaseAddress: 0x000002921a000000, ArchiveRelocationMode: 1.
Compressed class space mapped at: 0x000002921b000000-0x000002925b000000, reserved size: 1073741824
Narrow klass base: 0x000002921a000000, Narrow klass shift: 0, Narrow klass range: 0x100000000

GC Precious Log:
 CardTable entry size: 512
 Card Set container configuration: InlinePtr #cards 5 size 8 Array Of Cards #cards 12 size 40 Howl #buckets 4 coarsen threshold 1843 Howl Bitmap #cards 512 size 80 coarsen threshold 460 Card regions per heap region 1 cards per card region 2048
 CPUs: 4 total, 4 available
 Memory: 3879M
 Large Page Support: Disabled
 NUMA Support: Disabled
 Compressed Oops: Enabled (32-bit)
 Heap Region Size: 1M
 Heap Min Capacity: 8M
 Heap Initial Capacity: 62M
 Heap Max Capacity: 970M
 Pre-touch: Disabled
 Parallel Workers: 4
 Concurrent Workers: 1
 Concurrent Refinement Workers: 4
 Periodic GC: Disabled

Heap:
 garbage-first heap   total 61440K, used 42771K [0x00000000c3600000, 0x0000000100000000)
  region size 1024K, 10 young (10240K), 2 survivors (2048K)
 Metaspace       used 80052K, committed 80960K, reserved 1179648K
  class space    used 10774K, committed 11200K, reserved 1048576K

Heap Regions: E=young(eden), S=young(survivor), O=old, HS=humongous(starts), HC=humongous(continues), CS=collection set, F=free, TAMS=top-at-mark-start, PB=parsable bottom
|   0|0x00000000c3600000, 0x00000000c3700000, 0x00000000c3700000|100%|HS|  |TAMS 0x00000000c3600000| PB 0x00000000c3600000| Complete 
|   1|0x00000000c3700000, 0x00000000c3800000, 0x00000000c3800000|100%| O|  |TAMS 0x00000000c3700000| PB 0x00000000c3700000| Untracked 
|   2|0x00000000c3800000, 0x00000000c3900000, 0x00000000c3900000|100%| O|  |TAMS 0x00000000c3800000| PB 0x00000000c3800000| Untracked 
|   3|0x00000000c3900000, 0x00000000c3a00000, 0x00000000c3a00000|100%| O|  |TAMS 0x00000000c3900000| PB 0x00000000c3900000| Untracked 
|   4|0x00000000c3a00000, 0x00000000c3b00000, 0x00000000c3b00000|100%| O|  |TAMS 0x00000000c3a00000| PB 0x00000000c3a00000| Untracked 
|   5|0x00000000c3b00000, 0x00000000c3c00000, 0x00000000c3c00000|100%| O|  |TAMS 0x00000000c3b00000| PB 0x00000000c3b00000| Untracked 
|   6|0x00000000c3c00000, 0x00000000c3d00000, 0x00000000c3d00000|100%| O|  |TAMS 0x00000000c3c00000| PB 0x00000000c3c00000| Untracked 
|   7|0x00000000c3d00000, 0x00000000c3e00000, 0x00000000c3e00000|100%| O|  |TAMS 0x00000000c3d00000| PB 0x00000000c3d00000| Untracked 
|   8|0x00000000c3e00000, 0x00000000c3f00000, 0x00000000c3f00000|100%| O|  |TAMS 0x00000000c3e00000| PB 0x00000000c3e00000| Untracked 
|   9|0x00000000c3f00000, 0x00000000c4000000, 0x00000000c4000000|100%| O|  |TAMS 0x00000000c3f00000| PB 0x00000000c3f00000| Untracked 
|  10|0x00000000c4000000, 0x00000000c4100000, 0x00000000c4100000|100%| O|  |TAMS 0x00000000c4000000| PB 0x00000000c4000000| Untracked 
|  11|0x00000000c4100000, 0x00000000c4200000, 0x00000000c4200000|100%| O|  |TAMS 0x00000000c4100000| PB 0x00000000c4100000| Untracked 
|  12|0x00000000c4200000, 0x00000000c4300000, 0x00000000c4300000|100%| O|  |TAMS 0x00000000c4200000| PB 0x00000000c4200000| Untracked 
|  13|0x00000000c4300000, 0x00000000c4400000, 0x00000000c4400000|100%| O|  |TAMS 0x00000000c4300000| PB 0x00000000c4300000| Untracked 
|  14|0x00000000c4400000, 0x00000000c4500000, 0x00000000c4500000|100%| O|  |TAMS 0x00000000c4400000| PB 0x00000000c4400000| Untracked 
|  15|0x00000000c4500000, 0x00000000c4600000, 0x00000000c4600000|100%| O|  |TAMS 0x00000000c4500000| PB 0x00000000c4500000| Untracked 
|  16|0x00000000c4600000, 0x00000000c4700000, 0x00000000c4700000|100%| O|  |TAMS 0x00000000c4600000| PB 0x00000000c4600000| Untracked 
|  17|0x00000000c4700000, 0x00000000c4800000, 0x00000000c4800000|100%| O|  |TAMS 0x00000000c4700000| PB 0x00000000c4700000| Untracked 
|  18|0x00000000c4800000, 0x00000000c4800000, 0x00000000c4900000|  0%| F|  |TAMS 0x00000000c4800000| PB 0x00000000c4800000| Untracked 
|  19|0x00000000c4900000, 0x00000000c4a00000, 0x00000000c4a00000|100%| O|  |TAMS 0x00000000c4900000| PB 0x00000000c4900000| Untracked 
|  20|0x00000000c4a00000, 0x00000000c4b00000, 0x00000000c4b00000|100%| O|  |TAMS 0x00000000c4a00000| PB 0x00000000c4a00000| Untracked 
|  21|0x00000000c4b00000, 0x00000000c4c00000, 0x00000000c4c00000|100%| O|  |TAMS 0x00000000c4b00000| PB 0x00000000c4b00000| Untracked 
|  22|0x00000000c4c00000, 0x00000000c4d00000, 0x00000000c4d00000|100%| O|  |TAMS 0x00000000c4c00000| PB 0x00000000c4c00000| Untracked 
|  23|0x00000000c4d00000, 0x00000000c4e00000, 0x00000000c4e00000|100%| O|  |TAMS 0x00000000c4d00000| PB 0x00000000c4d00000| Untracked 
|  24|0x00000000c4e00000, 0x00000000c4f00000, 0x00000000c4f00000|100%| O|  |TAMS 0x00000000c4e00000| PB 0x00000000c4e00000| Untracked 
|  25|0x00000000c4f00000, 0x00000000c5000000, 0x00000000c5000000|100%| O|  |TAMS 0x00000000c4f00000| PB 0x00000000c4f00000| Untracked 
|  26|0x00000000c5000000, 0x00000000c5100000, 0x00000000c5100000|100%| O|  |TAMS 0x00000000c5000000| PB 0x00000000c5000000| Untracked 
|  27|0x00000000c5100000, 0x00000000c5200000, 0x00000000c5200000|100%| O|  |TAMS 0x00000000c5100000| PB 0x00000000c5100000| Untracked 
|  28|0x00000000c5200000, 0x00000000c5300000, 0x00000000c5300000|100%| O|  |TAMS 0x00000000c5200000| PB 0x00000000c5200000| Untracked 
|  29|0x00000000c5300000, 0x00000000c5400000, 0x00000000c5400000|100%| O|  |TAMS 0x00000000c5300000| PB 0x00000000c5300000| Untracked 
|  30|0x00000000c5400000, 0x00000000c5500000, 0x00000000c5500000|100%| O|  |TAMS 0x00000000c5400000| PB 0x00000000c5400000| Untracked 
|  31|0x00000000c5500000, 0x00000000c5600000, 0x00000000c5600000|100%| O|  |TAMS 0x00000000c5500000| PB 0x00000000c5500000| Untracked 
|  32|0x00000000c5600000, 0x00000000c5600000, 0x00000000c5700000|  0%| F|  |TAMS 0x00000000c5600000| PB 0x00000000c5600000| Untracked 
|  33|0x00000000c5700000, 0x00000000c5800000, 0x00000000c5800000|100%| O|  |TAMS 0x00000000c5700000| PB 0x00000000c5700000| Untracked 
|  34|0x00000000c5800000, 0x00000000c5900000, 0x00000000c5900000|100%| O|  |TAMS 0x00000000c5800000| PB 0x00000000c5800000| Untracked 
|  35|0x00000000c5900000, 0x00000000c5900000, 0x00000000c5a00000|  0%| F|  |TAMS 0x00000000c5900000| PB 0x00000000c5900000| Untracked 
|  36|0x00000000c5a00000, 0x00000000c5a00000, 0x00000000c5b00000|  0%| F|  |TAMS 0x00000000c5a00000| PB 0x00000000c5a00000| Untracked 
|  37|0x00000000c5b00000, 0x00000000c5b00000, 0x00000000c5c00000|  0%| F|  |TAMS 0x00000000c5b00000| PB 0x00000000c5b00000| Untracked 
|  38|0x00000000c5c00000, 0x00000000c5cc4d70, 0x00000000c5d00000| 76%| S|CS|TAMS 0x00000000c5c00000| PB 0x00000000c5c00000| Complete 
|  39|0x00000000c5d00000, 0x00000000c5e00000, 0x00000000c5e00000|100%| S|CS|TAMS 0x00000000c5d00000| PB 0x00000000c5d00000| Complete 
|  40|0x00000000c5e00000, 0x00000000c5e00000, 0x00000000c5f00000|  0%| F|  |TAMS 0x00000000c5e00000| PB 0x00000000c5e00000| Untracked 
|  41|0x00000000c5f00000, 0x00000000c5f00000, 0x00000000c6000000|  0%| F|  |TAMS 0x00000000c5f00000| PB 0x00000000c5f00000| Untracked 
|  42|0x00000000c6000000, 0x00000000c6000000, 0x00000000c6100000|  0%| F|  |TAMS 0x00000000c6000000| PB 0x00000000c6000000| Untracked 
|  43|0x00000000c6100000, 0x00000000c6100000, 0x00000000c6200000|  0%| F|  |TAMS 0x00000000c6100000| PB 0x00000000c6100000| Untracked 
|  44|0x00000000c6200000, 0x00000000c6200000, 0x00000000c6300000|  0%| F|  |TAMS 0x00000000c6200000| PB 0x00000000c6200000| Untracked 
|  45|0x00000000c6300000, 0x00000000c6300000, 0x00000000c6400000|  0%| F|  |TAMS 0x00000000c6300000| PB 0x00000000c6300000| Untracked 
|  46|0x00000000c6400000, 0x00000000c6400000, 0x00000000c6500000|  0%| F|  |TAMS 0x00000000c6400000| PB 0x00000000c6400000| Untracked 
|  47|0x00000000c6500000, 0x00000000c6500000, 0x00000000c6600000|  0%| F|  |TAMS 0x00000000c6500000| PB 0x00000000c6500000| Untracked 
|  48|0x00000000c6600000, 0x00000000c6600000, 0x00000000c6700000|  0%| F|  |TAMS 0x00000000c6600000| PB 0x00000000c6600000| Untracked 
|  49|0x00000000c6700000, 0x00000000c6700000, 0x00000000c6800000|  0%| F|  |TAMS 0x00000000c6700000| PB 0x00000000c6700000| Untracked 
|  50|0x00000000c6800000, 0x00000000c6800000, 0x00000000c6900000|  0%| F|  |TAMS 0x00000000c6800000| PB 0x00000000c6800000| Untracked 
|  51|0x00000000c6900000, 0x00000000c6900000, 0x00000000c6a00000|  0%| F|  |TAMS 0x00000000c6900000| PB 0x00000000c6900000| Untracked 
|  52|0x00000000c6a00000, 0x00000000c6b00000, 0x00000000c6b00000|100%| E|  |TAMS 0x00000000c6a00000| PB 0x00000000c6a00000| Complete 
|  53|0x00000000c6b00000, 0x00000000c6c00000, 0x00000000c6c00000|100%| E|CS|TAMS 0x00000000c6b00000| PB 0x00000000c6b00000| Complete 
|  54|0x00000000c6c00000, 0x00000000c6d00000, 0x00000000c6d00000|100%| E|CS|TAMS 0x00000000c6c00000| PB 0x00000000c6c00000| Complete 
|  55|0x00000000c6d00000, 0x00000000c6e00000, 0x00000000c6e00000|100%| E|CS|TAMS 0x00000000c6d00000| PB 0x00000000c6d00000| Complete 
|  56|0x00000000c6e00000, 0x00000000c6f00000, 0x00000000c6f00000|100%| E|CS|TAMS 0x00000000c6e00000| PB 0x00000000c6e00000| Complete 
|  57|0x00000000c6f00000, 0x00000000c7000000, 0x00000000c7000000|100%| E|CS|TAMS 0x00000000c6f00000| PB 0x00000000c6f00000| Complete 
|  58|0x00000000c7000000, 0x00000000c7100000, 0x00000000c7100000|100%| E|CS|TAMS 0x00000000c7000000| PB 0x00000000c7000000| Complete 
|  61|0x00000000c7300000, 0x00000000c7400000, 0x00000000c7400000|100%| E|CS|TAMS 0x00000000c7300000| PB 0x00000000c7300000| Complete 

Card table byte_map: [0x000002927d920000,0x000002927db10000] _byte_map_base: 0x000002927d305000

Marking Bits: (CMBitMap*) 0x000002927d6ae170
 Bits: [0x000002927db10000, 0x000002927ea38000)

Polling page: 0x000002927b4a0000

Metaspace:

Usage:
  Non-class:     67.65 MB used.
      Class:     10.52 MB used.
       Both:     78.18 MB used.

Virtual space:
  Non-class space:      128.00 MB reserved,      68.12 MB ( 53%) committed,  2 nodes.
      Class space:        1.00 GB reserved,      10.94 MB (  1%) committed,  1 nodes.
             Both:        1.12 GB reserved,      79.06 MB (  7%) committed. 

Chunk freelists:
   Non-Class:  11.64 MB
       Class:  4.94 MB
        Both:  16.58 MB

MaxMetaspaceSize: unlimited
CompressedClassSpaceSize: 1.00 GB
Initial GC threshold: 21.00 MB
Current GC threshold: 121.06 MB
CDS: on
 - commit_granule_bytes: 65536.
 - commit_granule_words: 8192.
 - virtual_space_node_default_size: 8388608.
 - enlarge_chunks_in_place: 1.
 - use_allocation_guard: 0.


Internal statistics:

num_allocs_failed_limit: 6.
num_arena_births: 1328.
num_arena_deaths: 0.
num_vsnodes_births: 3.
num_vsnodes_deaths: 0.
num_space_committed: 1265.
num_space_uncommitted: 0.
num_chunks_returned_to_freelist: 6.
num_chunks_taken_from_freelist: 4185.
num_chunk_merges: 6.
num_chunk_splits: 3004.
num_chunks_enlarged: 2270.
num_inconsistent_stats: 0.

CodeHeap 'non-profiled nmethods': size=120000Kb used=3361Kb max_used=3361Kb free=116638Kb
 bounds [0x000002920fe70000, 0x00000292101c0000, 0x00000292173a0000]
CodeHeap 'profiled nmethods': size=120000Kb used=11523Kb max_used=11523Kb free=108476Kb
 bounds [0x00000292083a0000, 0x0000029208ef0000, 0x000002920f8d0000]
CodeHeap 'non-nmethods': size=5760Kb used=2002Kb max_used=2017Kb free=3757Kb
 bounds [0x000002920f8d0000, 0x000002920fb40000, 0x000002920fe70000]
 total_blobs=6989 nmethods=6203 adapters=690
 compilation: enabled
              stopped_count=0, restarted_count=0
 full_count=0

Compilation events (20 events):
Event: 206.670 Thread 0x0000029219511170 nmethod 7164 0x0000029208edaf10 code [0x0000029208edb0e0, 0x0000029208edb428]
Event: 210.626 Thread 0x0000029219511170 7165       3       java.util.concurrent.ForkJoinPool::managedBlock (36 bytes)
Event: 210.631 Thread 0x0000029219511170 nmethod 7165 0x0000029208edb510 code [0x0000029208edb720, 0x0000029208edbeb0]
Event: 210.631 Thread 0x0000029219511170 7167       3       java.util.concurrent.locks.AbstractQueuedSynchronizer$ConditionNode::block (15 bytes)
Event: 210.637 Thread 0x0000029219511170 nmethod 7167 0x0000029208edc090 code [0x0000029208edc280, 0x0000029208edc878]
Event: 210.637 Thread 0x0000029219511170 7166       3       java.util.concurrent.ForkJoinPool::unmanagedBlock (31 bytes)
Event: 210.638 Thread 0x0000029219511170 nmethod 7166 0x0000029208edca10 code [0x0000029208edcc00, 0x0000029208edd068]
Event: 211.622 Thread 0x0000029219511170 7168       3       java.util.concurrent.ScheduledThreadPoolExecutor$ScheduledFutureTask::run (57 bytes)
Event: 211.632 Thread 0x0000029219511170 nmethod 7168 0x0000029208edd190 code [0x0000029208edd3c0, 0x0000029208edd948]
Event: 211.632 Thread 0x0000029219511170 7169       3       java.util.concurrent.ScheduledThreadPoolExecutor$ScheduledFutureTask::setNextRunTime (38 bytes)
Event: 211.642 Thread 0x0000029219511170 nmethod 7169 0x0000029208eddb10 code [0x0000029208eddcc0, 0x0000029208eddf58]
Event: 211.642 Thread 0x0000029219511170 7170       3       java.util.concurrent.ScheduledThreadPoolExecutor::reExecutePeriodic (49 bytes)
Event: 211.649 Thread 0x0000029219511170 nmethod 7170 0x0000029208ede010 code [0x0000029208ede240, 0x0000029208ede9c8]
Event: 212.400 Thread 0x0000029219511170 7171       3       java.util.concurrent.Executors$RunnableAdapter::call (14 bytes)
Event: 212.401 Thread 0x0000029219511170 nmethod 7171 0x0000029208edec10 code [0x0000029208ededc0, 0x0000029208edefa8]
Event: 212.621 Thread 0x0000029219511170 7172       3       java.util.concurrent.ScheduledThreadPoolExecutor$DelayedWorkQueue::siftDown (119 bytes)
Event: 212.626 Thread 0x0000029219511170 nmethod 7172 0x0000029208edf090 code [0x0000029208edf300, 0x0000029208ee02d8]
Event: 214.456 Thread 0x0000029219511170 7173       3       java.util.concurrent.locks.AbstractQueuedSynchronizer::acquireShared (20 bytes)
Event: 214.460 Thread 0x0000029219511170 nmethod 7173 0x0000029208ee0790 code [0x0000029208ee0960, 0x0000029208ee0bd8]
Event: 231.325 Thread 0x00000292194ecb50 7174       4       jdk.internal.loader.URLClassPath::findResource (38 bytes)

GC Heap History (20 events):
Event: 6.065 GC heap before
{Heap before GC invocations=9 (full 0):
 garbage-first heap   total 51200K, used 41952K [0x00000000c3600000, 0x0000000100000000)
  region size 1024K, 26 young (26624K), 4 survivors (4096K)
 Metaspace       used 35640K, committed 36160K, reserved 1114112K
  class space    used 4554K, committed 4736K, reserved 1048576K
}
Event: 6.074 GC heap after
{Heap after GC invocations=10 (full 0):
 garbage-first heap   total 51200K, used 22204K [0x00000000c3600000, 0x0000000100000000)
  region size 1024K, 2 young (2048K), 2 survivors (2048K)
 Metaspace       used 35640K, committed 36160K, reserved 1114112K
  class space    used 4554K, committed 4736K, reserved 1048576K
}
Event: 9.907 GC heap before
{Heap before GC invocations=11 (full 0):
 garbage-first heap   total 51200K, used 43708K [0x00000000c3600000, 0x0000000100000000)
  region size 1024K, 23 young (23552K), 2 survivors (2048K)
 Metaspace       used 44456K, committed 45120K, reserved 1114112K
  class space    used 5578K, committed 5888K, reserved 1048576K
}
Event: 9.913 GC heap after
{Heap after GC invocations=12 (full 0):
 garbage-first heap   total 51200K, used 24024K [0x00000000c3600000, 0x0000000100000000)
  region size 1024K, 3 young (3072K), 3 survivors (3072K)
 Metaspace       used 44456K, committed 45120K, reserved 1114112K
  class space    used 5578K, committed 5888K, reserved 1048576K
}
Event: 10.317 GC heap before
{Heap before GC invocations=12 (full 0):
 garbage-first heap   total 51200K, used 43480K [0x00000000c3600000, 0x0000000100000000)
  region size 1024K, 22 young (22528K), 3 survivors (3072K)
 Metaspace       used 49191K, committed 49792K, reserved 1114112K
  class space    used 6247K, committed 6528K, reserved 1048576K
}
Event: 10.322 GC heap after
{Heap after GC invocations=13 (full 0):
 garbage-first heap   total 51200K, used 25311K [0x00000000c3600000, 0x0000000100000000)
  region size 1024K, 2 young (2048K), 2 survivors (2048K)
 Metaspace       used 49191K, committed 49792K, reserved 1114112K
  class space    used 6247K, committed 6528K, reserved 1048576K
}
Event: 10.634 GC heap before
{Heap before GC invocations=13 (full 0):
 garbage-first heap   total 51200K, used 43743K [0x00000000c3600000, 0x0000000100000000)
  region size 1024K, 21 young (21504K), 2 survivors (2048K)
 Metaspace       used 54137K, committed 54720K, reserved 1114112K
  class space    used 7037K, committed 7296K, reserved 1048576K
}
Event: 10.636 GC heap after
{Heap after GC invocations=14 (full 0):
 garbage-first heap   total 51200K, used 25949K [0x00000000c3600000, 0x0000000100000000)
  region size 1024K, 3 young (3072K), 3 survivors (3072K)
 Metaspace       used 54137K, committed 54720K, reserved 1114112K
  class space    used 7037K, committed 7296K, reserved 1048576K
}
Event: 10.988 GC heap before
{Heap before GC invocations=15 (full 0):
 garbage-first heap   total 51200K, used 44381K [0x00000000c3600000, 0x0000000100000000)
  region size 1024K, 21 young (21504K), 3 survivors (3072K)
 Metaspace       used 58608K, committed 59264K, reserved 1114112K
  class space    used 7583K, committed 7872K, reserved 1048576K
}
Event: 10.991 GC heap after
{Heap after GC invocations=16 (full 0):
 garbage-first heap   total 51200K, used 26918K [0x00000000c3600000, 0x0000000100000000)
  region size 1024K, 2 young (2048K), 2 survivors (2048K)
 Metaspace       used 58608K, committed 59264K, reserved 1114112K
  class space    used 7583K, committed 7872K, reserved 1048576K
}
Event: 11.799 GC heap before
{Heap before GC invocations=16 (full 0):
 garbage-first heap   total 51200K, used 45350K [0x00000000c3600000, 0x0000000100000000)
  region size 1024K, 20 young (20480K), 2 survivors (2048K)
 Metaspace       used 63759K, committed 64448K, reserved 1114112K
  class space    used 8478K, committed 8768K, reserved 1048576K
}
Event: 11.803 GC heap after
{Heap after GC invocations=17 (full 0):
 garbage-first heap   total 61440K, used 26970K [0x00000000c3600000, 0x0000000100000000)
  region size 1024K, 2 young (2048K), 2 survivors (2048K)
 Metaspace       used 63759K, committed 64448K, reserved 1114112K
  class space    used 8478K, committed 8768K, reserved 1048576K
}
Event: 12.343 GC heap before
{Heap before GC invocations=17 (full 0):
 garbage-first heap   total 61440K, used 53594K [0x00000000c3600000, 0x0000000100000000)
  region size 1024K, 29 young (29696K), 2 survivors (2048K)
 Metaspace       used 70322K, committed 70976K, reserved 1114112K
  class space    used 9386K, committed 9664K, reserved 1048576K
}
Event: 12.348 GC heap after
{Heap after GC invocations=18 (full 0):
 garbage-first heap   total 61440K, used 29242K [0x00000000c3600000, 0x0000000100000000)
  region size 1024K, 4 young (4096K), 4 survivors (4096K)
 Metaspace       used 70322K, committed 70976K, reserved 1114112K
  class space    used 9386K, committed 9664K, reserved 1048576K
}
Event: 12.738 GC heap before
{Heap before GC invocations=18 (full 0):
 garbage-first heap   total 61440K, used 52794K [0x00000000c3600000, 0x0000000100000000)
  region size 1024K, 28 young (28672K), 4 survivors (4096K)
 Metaspace       used 73489K, committed 74240K, reserved 1114112K
  class space    used 9831K, committed 10176K, reserved 1048576K
}
Event: 12.746 GC heap after
{Heap after GC invocations=19 (full 0):
 garbage-first heap   total 61440K, used 31556K [0x00000000c3600000, 0x0000000100000000)
  region size 1024K, 3 young (3072K), 3 survivors (3072K)
 Metaspace       used 73489K, committed 74240K, reserved 1114112K
  class space    used 9831K, committed 10176K, reserved 1048576K
}
Event: 13.228 GC heap before
{Heap before GC invocations=20 (full 0):
 garbage-first heap   total 61440K, used 53060K [0x00000000c3600000, 0x0000000100000000)
  region size 1024K, 25 young (25600K), 3 survivors (3072K)
 Metaspace       used 76330K, committed 77184K, reserved 1179648K
  class space    used 10294K, committed 10688K, reserved 1048576K
}
Event: 13.235 GC heap after
{Heap after GC invocations=21 (full 0):
 garbage-first heap   total 61440K, used 34238K [0x00000000c3600000, 0x0000000100000000)
  region size 1024K, 3 young (3072K), 3 survivors (3072K)
 Metaspace       used 76330K, committed 77184K, reserved 1179648K
  class space    used 10294K, committed 10688K, reserved 1048576K
}
Event: 126.684 GC heap before
{Heap before GC invocations=21 (full 0):
 garbage-first heap   total 61440K, used 53694K [0x00000000c3600000, 0x0000000100000000)
  region size 1024K, 23 young (23552K), 3 survivors (3072K)
 Metaspace       used 78758K, committed 79616K, reserved 1179648K
  class space    used 10614K, committed 11008K, reserved 1048576K
}
Event: 126.803 GC heap after
{Heap after GC invocations=22 (full 0):
 garbage-first heap   total 61440K, used 35603K [0x00000000c3600000, 0x0000000100000000)
  region size 1024K, 2 young (2048K), 2 survivors (2048K)
 Metaspace       used 78758K, committed 79616K, reserved 1179648K
  class space    used 10614K, committed 11008K, reserved 1048576K
}

Dll operation events (14 events):
Event: 0.027 Loaded shared library C:\Program Files\Java\jdk-21\bin\java.dll
Event: 0.165 Loaded shared library C:\Program Files\Java\jdk-21\bin\jsvml.dll
Event: 0.426 Loaded shared library C:\Program Files\Java\jdk-21\bin\zip.dll
Event: 0.432 Loaded shared library C:\Program Files\Java\jdk-21\bin\instrument.dll
Event: 0.439 Loaded shared library C:\Program Files\Java\jdk-21\bin\net.dll
Event: 0.441 Loaded shared library C:\Program Files\Java\jdk-21\bin\nio.dll
Event: 0.444 Loaded shared library C:\Program Files\Java\jdk-21\bin\zip.dll
Event: 0.603 Loaded shared library C:\Program Files\JetBrains\IntelliJ IDEA Community Edition 2023.3.6\bin\breakgen64.dll
Event: 0.625 Loaded shared library C:\Program Files\Java\jdk-21\bin\extnet.dll
Event: 0.652 Loaded shared library C:\Program Files\Java\jdk-21\bin\jimage.dll
Event: 1.005 Loaded shared library C:\Program Files\Java\jdk-21\bin\management.dll
Event: 1.007 Loaded shared library C:\Program Files\Java\jdk-21\bin\management_ext.dll
Event: 3.885 Loaded shared library C:\Program Files\Java\jdk-21\bin\sunmscapi.dll
Event: 10.250 Loaded shared library C:\Program Files\Java\jdk-21\bin\verify.dll

Deoptimization events (20 events):
Event: 13.610 Thread 0x000002921988dbe0 DEOPT PACKING pc=0x000002920fed8a98 sp=0x000000c65aefdb30
Event: 13.610 Thread 0x000002921988dbe0 DEOPT UNPACKING pc=0x000002920f927da2 sp=0x000000c65aefda88 mode 2
Event: 13.625 Thread 0x000002921988dbe0 Uncommon trap: trap_request=0xffffff45 fr.pc=0x00000292100d2d30 relative=0x0000000000000110
Event: 13.625 Thread 0x000002921988dbe0 Uncommon trap: reason=unstable_if action=reinterpret pc=0x00000292100d2d30 method=java.util.ArrayList.indexOfRange(Ljava/lang/Object;II)I @ 7 c2
Event: 13.625 Thread 0x000002921988dbe0 DEOPT PACKING pc=0x00000292100d2d30 sp=0x000000c65aefe310
Event: 13.625 Thread 0x000002921988dbe0 DEOPT UNPACKING pc=0x000002920f927da2 sp=0x000000c65aefe290 mode 2
Event: 13.636 Thread 0x000002921988dbe0 DEOPT PACKING pc=0x0000029208e7d9ee sp=0x000000c65aefe3c0
Event: 13.636 Thread 0x000002921988dbe0 DEOPT UNPACKING pc=0x000002920f9288e2 sp=0x000000c65aefd898 mode 0
Event: 127.505 Thread 0x000002925f3a0ce0 Uncommon trap: trap_request=0xffffff45 fr.pc=0x000002921004692c relative=0x000000000000020c
Event: 127.506 Thread 0x000002925f3a0ce0 Uncommon trap: reason=unstable_if action=reinterpret pc=0x000002921004692c method=java.lang.String.indexOf(Ljava/lang/String;)I @ 10 c2
Event: 127.506 Thread 0x000002925f3a0ce0 DEOPT PACKING pc=0x000002921004692c sp=0x000000c65b9fd8b0
Event: 127.506 Thread 0x000002925f3a0ce0 DEOPT UNPACKING pc=0x000002920f927da2 sp=0x000000c65b9fd7e8 mode 2
Event: 127.507 Thread 0x000002925f3a0ce0 Uncommon trap: trap_request=0xffffff45 fr.pc=0x000002920ff2f0fc relative=0x00000000000001dc
Event: 127.507 Thread 0x000002925f3a0ce0 Uncommon trap: reason=unstable_if action=reinterpret pc=0x000002920ff2f0fc method=java.lang.String.indexOf(Ljava/lang/String;)I @ 10 c2
Event: 127.507 Thread 0x000002925f3a0ce0 DEOPT PACKING pc=0x000002920ff2f0fc sp=0x000000c65b9fd850
Event: 127.507 Thread 0x000002925f3a0ce0 DEOPT UNPACKING pc=0x000002920f927da2 sp=0x000000c65b9fd7f0 mode 2
Event: 170.206 Thread 0x0000029262d6eba0 Uncommon trap: trap_request=0xffffffdc fr.pc=0x00000292101b6800 relative=0x0000000000000240
Event: 170.207 Thread 0x0000029262d6eba0 Uncommon trap: reason=class_check action=make_not_entrant pc=0x00000292101b6800 method=java.util.ArrayList.toArray([Ljava/lang/Object;)[Ljava/lang/Object; @ 21 c2
Event: 170.207 Thread 0x0000029262d6eba0 DEOPT PACKING pc=0x00000292101b6800 sp=0x000000c65bffb4c0
Event: 170.210 Thread 0x0000029262d6eba0 DEOPT UNPACKING pc=0x000002920f927da2 sp=0x000000c65bffb470 mode 2

Classes loaded (20 events):
Event: 126.390 Loading class java/nio/channels/spi/AbstractSelectionKey done
Event: 126.390 Loading class sun/nio/ch/SelectionKeyImpl done
Event: 126.414 Loading class java/lang/invoke/ConstantBootstraps
Event: 126.428 Loading class java/lang/invoke/ConstantBootstraps done
Event: 126.990 Loading class sun/nio/cs/ThreadLocalCoders
Event: 126.990 Loading class sun/nio/cs/ThreadLocalCoders done
Event: 126.991 Loading class sun/nio/cs/ThreadLocalCoders$1
Event: 126.992 Loading class sun/nio/cs/ThreadLocalCoders$Cache
Event: 126.992 Loading class sun/nio/cs/ThreadLocalCoders$Cache done
Event: 126.992 Loading class sun/nio/cs/ThreadLocalCoders$1 done
Event: 126.992 Loading class sun/nio/cs/ThreadLocalCoders$2
Event: 126.992 Loading class sun/nio/cs/ThreadLocalCoders$2 done
Event: 127.583 Loading class java/time/format/DateTimeFormatterBuilder$ZoneTextPrinterParser
Event: 127.583 Loading class java/time/format/DateTimeFormatterBuilder$ZoneTextPrinterParser done
Event: 127.584 Loading class java/time/format/DateTimeFormatterBuilder$ReducedPrinterParser
Event: 127.584 Loading class java/time/format/DateTimeFormatterBuilder$ReducedPrinterParser done
Event: 169.379 Loading class java/util/ArrayList$SubList$2
Event: 169.384 Loading class java/util/ArrayList$SubList$2 done
Event: 170.521 Loading class sun/net/ConnectionResetException
Event: 170.523 Loading class sun/net/ConnectionResetException done

Classes unloaded (0 events):
No events

Classes redefined (0 events):
No events

Internal exceptions (20 events):
Event: 12.033 Thread 0x000002921988dbe0 Exception <a 'java/lang/IncompatibleClassChangeError'{0x00000000c64f2fb8}: Found class java.lang.Object, but interface was expected> (0x00000000c64f2fb8) 
thrown [s\open\src\hotspot\share\interpreter\linkResolver.cpp, line 840]
Event: 12.064 Thread 0x000002921988dbe0 Exception <a 'java/lang/IncompatibleClassChangeError'{0x00000000c6268048}: Found class java.lang.Object, but interface was expected> (0x00000000c6268048) 
thrown [s\open\src\hotspot\share\interpreter\linkResolver.cpp, line 840]
Event: 12.227 Thread 0x000002921988dbe0 Exception <a 'java/lang/IncompatibleClassChangeError'{0x00000000c5b37a88}: Found class java.lang.Object, but interface was expected> (0x00000000c5b37a88) 
thrown [s\open\src\hotspot\share\interpreter\linkResolver.cpp, line 840]
Event: 12.304 Thread 0x000002921988dbe0 Exception <a 'java/lang/IncompatibleClassChangeError'{0x00000000c59fbc80}: Found class java.lang.Object, but interface was expected> (0x00000000c59fbc80) 
thrown [s\open\src\hotspot\share\interpreter\linkResolver.cpp, line 840]
Event: 12.384 Thread 0x000002921988dbe0 Exception <a 'java/lang/NoSuchMethodError'{0x00000000c70ee420}: 'long java.lang.invoke.DirectMethodHandle$Holder.invokeVirtual(java.lang.Object, java.lang.Object)'> (0x00000000c70ee420) 
thrown [s\open\src\hotspot\share\interpreter\linkResolver.cpp, line 773]
Event: 12.387 Thread 0x000002921988dbe0 Exception <a 'java/io/FileNotFoundException'{0x00000000c6f16a88}> (0x00000000c6f16a88) 
thrown [s\open\src\hotspot\share\prims\jni.cpp, line 520]
Event: 12.493 Thread 0x000002921988dbe0 Exception <a 'java/lang/NoSuchMethodError'{0x00000000c6a9eaf0}: 'java.lang.Object java.lang.invoke.DirectMethodHandle$Holder.newInvokeSpecial(java.lang.Object, java.lang.Object, java.lang.Object, java.lang.Object, java.lang.Object, java.lang.Object, java.lang.Object, java.lang.Object)'> (0x00000000c6a9eaf0) 
thrown [s\open\src\hotspot\share\interpreter\linkResolver.cpp, line 773]
Event: 12.581 Thread 0x000002921988dbe0 Exception <a 'java/lang/NoSuchMethodError'{0x00000000c62d8778}: 'java.lang.Object java.lang.invoke.DirectMethodHandle$Holder.invokeVirtual(java.lang.Object, java.lang.Object, java.lang.Object, java.lang.Object, java.lang.Object, java.lang.Object, java.lang.Object)'> (0x00000000c62d8778) 
thrown [s\open\src\hotspot\share\interpreter\linkResolver.cpp, line 773]
Event: 12.954 Thread 0x000002921988dbe0 Exception <a 'java/lang/IncompatibleClassChangeError'{0x00000000c68a7ae0}: Found class java.lang.Object, but interface was expected> (0x00000000c68a7ae0) 
thrown [s\open\src\hotspot\share\interpreter\linkResolver.cpp, line 840]
Event: 13.049 Thread 0x000002921988dbe0 Exception <a 'java/lang/NoSuchMethodError'{0x00000000c632bf90}: 'java.lang.Object java.lang.invoke.DirectMethodHandle$Holder.invokeVirtual(java.lang.Object, java.lang.Object, java.lang.Object, java.lang.Object, java.lang.Object, java.lang.Object, java.lang.Object, java.lang.Object)'> (0x00000000c632bf90) 
thrown [s\open\src\hotspot\share\interpreter\linkResolver.cpp, line 773]
Event: 13.069 Thread 0x000002921988dbe0 Exception <a 'java/lang/NoSuchMethodError'{0x00000000c6208778}: 'java.lang.Object java.lang.invoke.DirectMethodHandle$Holder.invokeInterface(java.lang.Object, java.lang.Object, java.lang.Object, java.lang.Object)'> (0x00000000c6208778) 
thrown [s\open\src\hotspot\share\interpreter\linkResolver.cpp, line 773]
Event: 13.224 Thread 0x000002921988dbe0 Exception <a 'java/lang/NoSuchMethodError'{0x00000000c5cdb4d8}: 'int java.lang.invoke.DirectMethodHandle$Holder.invokeStaticInit(java.lang.Object, java.lang.Object, java.lang.Object, java.lang.Object)'> (0x00000000c5cdb4d8) 
thrown [s\open\src\hotspot\share\interpreter\linkResolver.cpp, line 773]
Event: 13.288 Thread 0x000002921988dbe0 Exception <a 'java/lang/NoSuchMethodError'{0x00000000c7062f88}: 'java.lang.Object java.lang.invoke.DirectMethodHandle$Holder.invokeVirtual(java.lang.Object, java.lang.Object, java.lang.Object, java.lang.Object, java.lang.Object, java.lang.Object, java.lang.Object, java.lang.Object, java.lang.Object)'> (0x00000000c7062f88) 
thrown [s\open\src\hotspot\share\interpreter\linkResolver.cpp, line 773]
Event: 13.389 Thread 0x000002921988dbe0 Exception <a 'java/lang/IncompatibleClassChangeError'{0x00000000c6dc29c8}: Found class java.lang.Object, but interface was expected> (0x00000000c6dc29c8) 
thrown [s\open\src\hotspot\share\interpreter\linkResolver.cpp, line 840]
Event: 13.398 Thread 0x000002921988dbe0 Implicit null exception at 0x000002920ffbae88 to 0x000002920ffbb0d8
Event: 13.585 Thread 0x000002921988dbe0 Exception <a 'java/lang/NoSuchMethodError'{0x00000000c6557c30}: 'java.lang.Object java.lang.invoke.DirectMethodHandle$Holder.newInvokeSpecial(java.lang.Object, java.lang.Object, int, java.lang.Object, java.lang.Object)'> (0x00000000c6557c30) 
thrown [s\open\src\hotspot\share\interpreter\linkResolver.cpp, line 773]
Event: 126.950 Thread 0x000002925f3a0ce0 Exception <a 'java/lang/NoSuchMethodError'{0x00000000c73d8b58}: 'java.lang.Object java.lang.invoke.DirectMethodHandle$Holder.invokeSpecial(java.lang.Object, java.lang.Object, java.lang.Object, java.lang.Object, java.lang.Object, long)'> (0x00000000c73d8b58) 
thrown [s\open\src\hotspot\share\interpreter\linkResolver.cpp, line 773]
Event: 126.951 Thread 0x000002925f3a0ce0 Exception <a 'java/lang/NoSuchMethodError'{0x00000000c73dc2d0}: 'java.lang.Object java.lang.invoke.Invokers$Holder.linkToTargetMethod(java.lang.Object, java.lang.Object, java.lang.Object, long, java.lang.Object)'> (0x00000000c73dc2d0) 
thrown [s\open\src\hotspot\share\interpreter\linkResolver.cpp, line 773]
Event: 169.339 Thread 0x0000029262d6eba0 Exception <a 'java/lang/NoSuchMethodError'{0x00000000c6c75af0}: 'java.lang.Object java.lang.invoke.DirectMethodHandle$Holder.invokeStatic(java.lang.Object, int, int)'> (0x00000000c6c75af0) 
thrown [s\open\src\hotspot\share\interpreter\linkResolver.cpp, line 773]
Event: 170.521 Thread 0x0000029262d6eba0 Exception <a 'java/io/IOException'{0x00000000c6b00330}> (0x00000000c6b00330) 
thrown [s\open\src\hotspot\share\prims\jni.cpp, line 520]

ZGC Phase Switch (0 events):
No events

VM Operations (20 events):
Event: 142.374 Executing VM operation: Cleanup
Event: 142.374 Executing VM operation: Cleanup done
Event: 167.755 Executing VM operation: Cleanup
Event: 167.762 Executing VM operation: Cleanup done
Event: 170.790 Executing VM operation: Cleanup
Event: 170.791 Executing VM operation: Cleanup done
Event: 174.835 Executing VM operation: Cleanup
Event: 174.835 Executing VM operation: Cleanup done
Event: 180.467 Executing VM operation: HandshakeAllThreads (HandshakeForDeflation)
Event: 180.467 Executing VM operation: HandshakeAllThreads (HandshakeForDeflation) done
Event: 180.468 Executing VM operation: RendezvousGCThreads
Event: 180.468 Executing VM operation: RendezvousGCThreads done
Event: 199.684 Executing VM operation: Cleanup
Event: 199.684 Executing VM operation: Cleanup done
Event: 207.737 Executing VM operation: Cleanup
Event: 207.737 Executing VM operation: Cleanup done
Event: 212.795 Executing VM operation: Cleanup
Event: 212.798 Executing VM operation: Cleanup done
Event: 214.805 Executing VM operation: Cleanup
Event: 214.805 Executing VM operation: Cleanup done

Events (20 events):
Event: 13.561 Thread 0x000002925f3a1370 Thread exited: 0x000002925f3a1370
Event: 13.581 Thread 0x000002925f3a1a00 Thread added: 0x000002925f3a1a00
Event: 13.596 Thread 0x000002925f3a0ce0 Thread added: 0x000002925f3a0ce0
Event: 13.596 Thread 0x000002925f3a1370 Thread added: 0x000002925f3a1370
Event: 13.596 Thread 0x000002925f3a2090 Thread added: 0x000002925f3a2090
Event: 13.596 Thread 0x0000029262d6b090 Thread added: 0x0000029262d6b090
Event: 13.596 Thread 0x0000029262d6a370 Thread added: 0x0000029262d6a370
Event: 13.596 Thread 0x0000029262d6f230 Thread added: 0x0000029262d6f230
Event: 13.596 Thread 0x0000029262d6eba0 Thread added: 0x0000029262d6eba0
Event: 13.596 Thread 0x0000029262d70c70 Thread added: 0x0000029262d70c70
Event: 13.596 Thread 0x0000029262d69ce0 Thread added: 0x0000029262d69ce0
Event: 13.597 Thread 0x0000029262d6b720 Thread added: 0x0000029262d6b720
Event: 13.617 Thread 0x0000029262d6d7f0 Thread added: 0x0000029262d6d7f0
Event: 13.618 Thread 0x0000029262d6cad0 Thread added: 0x0000029262d6cad0
Event: 13.653 Thread 0x000002921988dbe0 Thread exited: 0x000002921988dbe0
Event: 13.657 Thread 0x000002925f325840 Thread exited: 0x000002925f325840
Event: 13.658 Thread 0x000002927d675bd0 Thread exited: 0x000002927d675bd0
Event: 13.658 Thread 0x0000029262d6bdb0 Thread added: 0x0000029262d6bdb0
Event: 15.288 Thread 0x0000029260fc9510 Thread exited: 0x0000029260fc9510
Event: 73.825 Thread 0x0000029262d6de80 Thread added: 0x0000029262d6de80


Dynamic libraries:
0x00007ff722330000 - 0x00007ff722340000 	C:\Program Files\Java\jdk-21\bin\java.exe
0x00007ff9deb90000 - 0x00007ff9deda7000 	C:\Windows\SYSTEM32\ntdll.dll
0x00007ff9dd3e0000 - 0x00007ff9dd4a4000 	C:\Windows\System32\KERNEL32.DLL
0x00007ff9dc030000 - 0x00007ff9dc3dd000 	C:\Windows\System32\KERNELBASE.dll
0x00007ff9dc3e0000 - 0x00007ff9dc4f1000 	C:\Windows\System32\ucrtbase.dll
0x00007ff9c9690000 - 0x00007ff9c96ab000 	C:\Program Files\Java\jdk-21\bin\VCRUNTIME140.dll
0x00007ff9c92d0000 - 0x00007ff9c92e9000 	C:\Program Files\Java\jdk-21\bin\jli.dll
0x00007ff9ddb40000 - 0x00007ff9ddbf2000 	C:\Windows\System32\ADVAPI32.dll
0x00007ff9dd000000 - 0x00007ff9dd0a7000 	C:\Windows\System32\msvcrt.dll
0x00007ff9dd320000 - 0x00007ff9dd3c9000 	C:\Windows\System32\sechost.dll
0x00007ff9dc000000 - 0x00007ff9dc028000 	C:\Windows\System32\bcrypt.dll
0x00007ff9dd5b0000 - 0x00007ff9dd6c4000 	C:\Windows\System32\RPCRT4.dll
0x00007ff9dd990000 - 0x00007ff9ddb3e000 	C:\Windows\System32\USER32.dll
0x00007ff9dbfd0000 - 0x00007ff9dbff6000 	C:\Windows\System32\win32u.dll
0x00007ff9bc270000 - 0x00007ff9bc503000 	C:\Windows\WinSxS\amd64_microsoft.windows.common-controls_6595b64144ccf1df_6.0.22621.3672_none_2713b9d173822955\COMCTL32.dll
0x00007ff9dcfb0000 - 0x00007ff9dcfd9000 	C:\Windows\System32\GDI32.dll
0x00007ff9dc500000 - 0x00007ff9dc619000 	C:\Windows\System32\gdi32full.dll
0x00007ff9dbf30000 - 0x00007ff9dbfca000 	C:\Windows\System32\msvcp_win.dll
0x00007ff9d3eb0000 - 0x00007ff9d3eba000 	C:\Windows\SYSTEM32\VERSION.dll
0x00007ff9dc8c0000 - 0x00007ff9dc8f1000 	C:\Windows\System32\IMM32.DLL
0x00007ff9c92c0000 - 0x00007ff9c92cc000 	C:\Program Files\Java\jdk-21\bin\vcruntime140_1.dll
0x00007ff9bcab0000 - 0x00007ff9bcb3e000 	C:\Program Files\Java\jdk-21\bin\msvcp140.dll
0x00007ff97f750000 - 0x00007ff980467000 	C:\Program Files\Java\jdk-21\bin\server\jvm.dll
0x00007ff9dcf30000 - 0x00007ff9dcfa1000 	C:\Windows\System32\WS2_32.dll
0x00007ff9dbbc0000 - 0x00007ff9dbc0d000 	C:\Windows\SYSTEM32\POWRPROF.dll
0x00007ff9d3fb0000 - 0x00007ff9d3fe4000 	C:\Windows\SYSTEM32\WINMM.dll
0x00007ff9dbba0000 - 0x00007ff9dbbb3000 	C:\Windows\SYSTEM32\UMPDC.dll
0x00007ff9daeb0000 - 0x00007ff9daec8000 	C:\Windows\SYSTEM32\kernel.appcore.dll
0x00007ff9c92b0000 - 0x00007ff9c92ba000 	C:\Program Files\Java\jdk-21\bin\jimage.dll
0x00007ff9d9540000 - 0x00007ff9d9772000 	C:\Windows\SYSTEM32\DBGHELP.DLL
0x00007ff9de620000 - 0x00007ff9de9ad000 	C:\Windows\System32\combase.dll
0x00007ff9dcdf0000 - 0x00007ff9dcec7000 	C:\Windows\System32\OLEAUT32.dll
0x00007ff9a8810000 - 0x00007ff9a8842000 	C:\Windows\SYSTEM32\dbgcore.DLL
0x00007ff9dbeb0000 - 0x00007ff9dbf2b000 	C:\Windows\System32\bcryptPrimitives.dll
0x00007ff9bec80000 - 0x00007ff9bec8f000 	C:\Program Files\Java\jdk-21\bin\instrument.dll
0x00007ff9c9290000 - 0x00007ff9c92af000 	C:\Program Files\Java\jdk-21\bin\java.dll
0x00007ff9dddb0000 - 0x00007ff9de618000 	C:\Windows\System32\SHELL32.dll
0x00007ff9d9db0000 - 0x00007ff9da6ae000 	C:\Windows\SYSTEM32\windows.storage.dll
0x00007ff9d9c70000 - 0x00007ff9d9daf000 	C:\Windows\SYSTEM32\wintypes.dll
0x00007ff9dd6d0000 - 0x00007ff9dd7c9000 	C:\Windows\System32\SHCORE.dll
0x00007ff9dced0000 - 0x00007ff9dcf2e000 	C:\Windows\System32\shlwapi.dll
0x00007ff9dbde0000 - 0x00007ff9dbe01000 	C:\Windows\SYSTEM32\profapi.dll
0x00007ff993680000 - 0x00007ff993757000 	C:\Program Files\Java\jdk-21\bin\jsvml.dll
0x00007ff9bca90000 - 0x00007ff9bcaa8000 	C:\Program Files\Java\jdk-21\bin\zip.dll
0x00007ff9c8d00000 - 0x00007ff9c8d10000 	C:\Program Files\Java\jdk-21\bin\net.dll
0x00007ff9d8340000 - 0x00007ff9d8476000 	C:\Windows\SYSTEM32\WINHTTP.dll
0x00007ff9db310000 - 0x00007ff9db379000 	C:\Windows\system32\mswsock.dll
0x00007ff9c8ce0000 - 0x00007ff9c8cf6000 	C:\Program Files\Java\jdk-21\bin\nio.dll
0x00007ff9bca70000 - 0x00007ff9bca8a000 	C:\Program Files\JetBrains\IntelliJ IDEA Community Edition 2023.3.6\bin\breakgen64.dll
0x00007ff9be550000 - 0x00007ff9be559000 	C:\Program Files\Java\jdk-21\bin\extnet.dll
0x00007ff9d41a0000 - 0x00007ff9d41aa000 	C:\Program Files\Java\jdk-21\bin\management.dll
0x00007ff9d4190000 - 0x00007ff9d419b000 	C:\Program Files\Java\jdk-21\bin\management_ext.dll
0x00007ff9dd3d0000 - 0x00007ff9dd3d8000 	C:\Windows\System32\PSAPI.DLL
0x00007ff9bcc50000 - 0x00007ff9bcc5e000 	C:\Program Files\Java\jdk-21\bin\sunmscapi.dll
0x00007ff9dc690000 - 0x00007ff9dc7f7000 	C:\Windows\System32\CRYPT32.dll
0x00007ff9db750000 - 0x00007ff9db77e000 	C:\Windows\SYSTEM32\ncrypt.dll
0x00007ff9db710000 - 0x00007ff9db747000 	C:\Windows\SYSTEM32\NTASN1.dll
0x00007ff9db540000 - 0x00007ff9db55b000 	C:\Windows\SYSTEM32\CRYPTSP.dll
0x00007ff9dae00000 - 0x00007ff9dae35000 	C:\Windows\system32\rsaenh.dll
0x00007ff9db3d0000 - 0x00007ff9db3f8000 	C:\Windows\SYSTEM32\USERENV.dll
0x00007ff9db530000 - 0x00007ff9db53c000 	C:\Windows\SYSTEM32\CRYPTBASE.dll
0x00007ff9da910000 - 0x00007ff9da93d000 	C:\Windows\SYSTEM32\IPHLPAPI.DLL
0x00007ff9dd130000 - 0x00007ff9dd139000 	C:\Windows\System32\NSI.dll
0x00007ff9da940000 - 0x00007ff9daa38000 	C:\Windows\SYSTEM32\DNSAPI.dll
0x00007ff9d32e0000 - 0x00007ff9d32ea000 	C:\Windows\System32\rasadhlp.dll
0x00007ff9d5440000 - 0x00007ff9d54c3000 	C:\Windows\System32\fwpuclnt.dll
0x00007ff9bca60000 - 0x00007ff9bca70000 	C:\Program Files\Java\jdk-21\bin\verify.dll
0x00007ff9d5390000 - 0x00007ff9d5398000 	C:\Windows\system32\wshunix.dll

dbghelp: loaded successfully - version: 4.0.5 - missing functions: none
symbol engine: initialized successfully - sym options: 0x614 - pdb path: .;C:\Program Files\Java\jdk-21\bin;C:\Windows\SYSTEM32;C:\Windows\WinSxS\amd64_microsoft.windows.common-controls_6595b64144ccf1df_6.0.22621.3672_none_2713b9d173822955;C:\Program Files\Java\jdk-21\bin\server;C:\Program Files\JetBrains\IntelliJ IDEA Community Edition 2023.3.6\bin

VM Arguments:
jvm_args: -javaagent:C:\Program Files\JetBrains\IntelliJ IDEA Community Edition 2023.3.6\lib\idea_rt.jar=51003:C:\Program Files\JetBrains\IntelliJ IDEA Community Edition 2023.3.6\bin -Dfile.encoding=UTF-8 -Dsun.stdout.encoding=UTF-8 -Dsun.stderr.encoding=UTF-8 
java_command: br.chat.ChatOnline.ChatOnlineApplication
java_class_path (initial): C:\ChatOnline\ChatOnline\ChatOnline\target\classes;C:\Users\ludim\.m2\repository\org\springframework\boot\spring-boot-starter-web\3.3.2\spring-boot-starter-web-3.3.2.jar;C:\Users\ludim\.m2\repository\org\springframework\boot\spring-boot-starter\3.3.2\spring-boot-starter-3.3.2.jar;C:\Users\ludim\.m2\repository\org\springframework\boot\spring-boot-starter-logging\3.3.2\spring-boot-starter-logging-3.3.2.jar;C:\Users\ludim\.m2\repository\ch\qos\logback\logback-classic\1.5.6\logback-classic-1.5.6.jar;C:\Users\ludim\.m2\repository\ch\qos\logback\logback-core\1.5.6\logback-core-1.5.6.jar;C:\Users\ludim\.m2\repository\org\apache\logging\log4j\log4j-to-slf4j\2.23.1\log4j-to-slf4j-2.23.1.jar;C:\Users\ludim\.m2\repository\org\apache\logging\log4j\log4j-api\2.23.1\log4j-api-2.23.1.jar;C:\Users\ludim\.m2\repository\org\slf4j\jul-to-slf4j\2.0.13\jul-to-slf4j-2.0.13.jar;C:\Users\ludim\.m2\repository\jakarta\annotation\jakarta.annotation-api\2.1.1\jakarta.annotation-api-2.1.1.jar;C:\Users\ludim\.m2\repository\org\yaml\snakeyaml\2.2\snakeyaml-2.2.jar;C:\Users\ludim\.m2\repository\org\springframework\boot\spring-boot-starter-json\3.3.2\spring-boot-starter-json-3.3.2.jar;C:\Users\ludim\.m2\repository\com\fasterxml\jackson\datatype\jackson-datatype-jdk8\2.17.2\jackson-datatype-jdk8-2.17.2.jar;C:\Users\ludim\.m2\repository\com\fasterxml\jackson\datatype\jackson-datatype-jsr310\2.17.2\jackson-datatype-jsr310-2.17.2.jar;C:\Users\ludim\.m2\repository\com\fasterxml\jackson\module\jackson-module-parameter-names\2.17.2\jackson-module-parameter-names-2.17.2.jar;C:\Users\ludim\.m2\repository\org\springframework\boot\spring-boot-starter-tomcat\3.3.2\spring-boot-starter-tomcat-3.3.2.jar;C:\Users\ludim\.m2\repository\org\apache\tomcat\embed\tomcat-embed-core\10.1.26\tomcat-embed-core-10.1.26.jar;C:\Users\ludim\.m2\repository\org\apache\tomcat\embed\tomcat-embed-websocket\10.1.26\tomcat-embed-websocket-10.1.26.jar;C:\Users\ludim\.m2\repository\org\springframework\spring-web\6.1.11\spring-web-6.1.11.jar;C:\Users\ludim\.m2\repository\io\micrometer\micrometer-observation\1.13.2\micrometer-observation-1.13.2.jar;C:\Users\ludim\.m2\repository\io\micrometer\micrometer-commons\1.13.2\micrometer-commons-1.13.2.jar;C:\Users\ludim\.m2\repository\org\springframework\spring-webmvc\6.1.11\spring-webmvc-6.1.11.jar;C:\Users\ludim\.m2\repository\org\springframework\spring-context\6.1.11\spring-context-6.1.11.jar;C:\Users\ludim\.m2\repository\org\springframework\spring-expression\6.1.11\spring-expression-6.1.11.jar;C:\Users\ludim\.m2\repository\org\springframework\boot\spring-boot-starter-websocket\3.3.2\spring-boot-starter-websocket-3.3.2.jar;C:\Users\ludim\.m2\repository\org\springframework\spring-websocket\6.1.11\spring-websocket-6.1.11.jar;C:\Users\ludim\.m2\repository\com\fasterxml\jackson\core\jackson-core\2.17.2\jackson-core-2.17.2.jar;C:\Users\ludim\.m2\repository\com\fasterxml\jackson\core\jackson-databind\2.17.2\jackson-databind-2.17.2.jar;C:\Users\ludim\.m2\repository\com\fasterxml\jackson\core\jackson-annotations\2.17.2\jackson-annotations-2.17.2.jar;C:\Users\ludim\.m2\repository\org\springframework\spring-messaging\6.1.11\spring-messaging-6.1.11.jar;C:\Users\ludim\.m2\repository\org\springframework\spring-beans\6.1.11\spring-beans-6.1.11.jar;C:\Users\ludim\.m2\repository\org\springframework\spring-core\6.1.11\spring-core-6.1.11.jar;C:\Users\ludim\.m2\repository\org\springframework\spring-jcl\6.1.11\spring-jcl-6.1.11.jar;C:\Users\ludim\.m2\repository\org\slf4j\slf4j-api\2.0.13\slf4j-api-2.0.13.jar;C:\Users\ludim\.m2\repository\jakarta\xml\bind\jakarta.xml.bind-api\4.0.2\jakarta.xml.bind-api-4.0.2.jar;C:\Users\ludim\.m2\repository\jakarta\activation\jakarta.activation-api\2.1.3\jakarta.activation-api-2.1.3.jar;C:\Users\ludim\.m2\repository\net\bytebuddy\byte-buddy\1.14.18\byte-buddy-1.14.18.jar;C:\Users\ludim\.m2\repository\org\springframework\boot\spring-boot-devtools\3.3.2\spring-boot-devtools-3.3.2.jar;C:\Users\ludim\.m2\repository\org\springframework\boot\spring-boot\3.3.2\spring-boot-3.3.2.jar;C:\Users\ludim\.m2\repository\org\springframework\boot\spring-boot-autoconfigure\3.3.2\spring-boot-autoconfigure-3.3.2.jar;C:\Users\ludim\.m2\repository\org\projectlombok\lombok\1.18.34\lombok-1.18.34.jar;C:\Users\ludim\.m2\repository\org\springframework\boot\spring-boot-starter-data-jpa\3.3.2\spring-boot-starter-data-jpa-3.3.2.jar;C:\Users\ludim\.m2\repository\org\springframework\boot\spring-boot-starter-aop\3.3.2\spring-boot-starter-aop-3.3.2.jar;C:\Users\ludim\.m2\repository\org\aspectj\aspectjweaver\1.9.22.1\aspectjweaver-1.9.22.1.jar;C:\Users\ludim\.m2\repository\org\springframework\boot\spring-boot-starter-jdbc\3.3.2\spring-boot-starter-jdbc-3.3.2.jar;C:\Users\ludim\.m2\repository\com\zaxxer\HikariCP\5.1.0\HikariCP-5.1.0.jar;C:\Users\ludim\.m2\repository\org\springframework\spring-jdbc\6.1.11\spring-jdbc-6.1.11.jar;C:\Users\ludim\.m2\repository\org\hibernate\orm\hibernate-core\6.5.2.Final\hibernate-core-6.5.2.Final.jar;C:\Users\ludim\.m2\repository\jakarta\persistence\jakarta.persistence-api\3.1.0\jakarta.persistence-api-3.1.0.jar;C:\Users\ludim\.m2\repository\jakarta\transaction\jakarta.transaction-api\2.0.1\jakarta.transaction-api-2.0.1.jar;C:\Users\ludim\.m2\repository\org\jboss\logging\jboss-logging\3.5.3.Final\jboss-logging-3.5.3.Final.jar;C:\Users\ludim\.m2\repository\org\hibernate\common\hibernate-commons-annotations\6.0.6.Final\hibernate-commons-annotations-6.0.6.Final.jar;C:\Users\ludim\.m2\repository\io\smallrye\jandex\3.1.2\jandex-3.1.2.jar;C:\Users\ludim\.m2\repository\com\fasterxml\classmate\1.7.0\classmate-1.7.0.jar;C:\Users\ludim\.m2\repository\org\glassfish\jaxb\jaxb-runtime\4.0.5\jaxb-runtime-4.0.5.jar;C:\Users\ludim\.m2\repository\org\glassfish\jaxb\jaxb-core\4.0.5\jaxb-core-4.0.5.jar;C:\Users\ludim\.m2\repository\org\eclipse\angus\angus-activation\2.0.2\angus-activation-2.0.2.jar;C:\Users\ludim\.m2\repository\org\glassfish\jaxb\txw2\4.0.5\txw2-4.0.5.jar;C:\Users\ludim\.m2\repository\com\sun\istack\istack-commons-runtime\4.1.2\istack-commons-runtime-4.1.2.jar;C:\Users\ludim\.m2\repository\jakarta\inject\jakarta.inject-api\2.0.1\jakarta.inject-api-2.0.1.jar;C:\Users\ludim\.m2\repository\org\antlr\antlr4-runtime\4.13.0\antlr4-runtime-4.13.0.jar;C:\Users\ludim\.m2\repository\org\springframework\data\spring-data-jpa\3.3.2\spring-data-jpa-3.3.2.jar;C:\Users\ludim\.m2\repository\org\springframework\data\spring-data-commons\3.3.2\spring-data-commons-3.3.2.jar;C:\Users\ludim\.m2\repository\org\springframework\spring-orm\6.1.11\spring-orm-6.1.11.jar;C:\Users\ludim\.m2\repository\org\springframework\spring-tx\6.1.11\spring-tx-6.1.11.jar;C:\Users\ludim\.m2\repository\org\springframework\spring-aspects\6.1.11\spring-aspects-6.1.11.jar;C:\Users\ludim\.m2\repository\org\springframework\boot\spring-boot-starter-validation\3.3.2\spring-boot-starter-validation-3.3.2.jar;C:\Users\ludim\.m2\repository\org\apache\tomcat\embed\tomcat-embed-el\10.1.26\tomcat-embed-el-10.1.26.jar;C:\Users\ludim\.m2\repository\org\hibernate\validator\hibernate-validator\8.0.1.Final\hibernate-validator-8.0.1.Final.jar;C:\Users\ludim\.m2\repository\jakarta\validation\jakarta.validation-api\3.0.2\jakarta.validation-api-3.0.2.jar;C:\Users\ludim\.m2\repository\org\flywaydb\flyway-core\10.10.0\flyway-core-10.10.0.jar;C:\Users\ludim\.m2\repository\com\fasterxml\jackson\dataformat\jackson-dataformat-toml\2.17.2\jackson-dataformat-toml-2.17.2.jar;C:\Users\ludim\.m2\repository\com\google\code\gson\gson\2.10.1\gson-2.10.1.jar;C:\Users\ludim\.m2\repository\org\flywaydb\flyway-mysql\10.10.0\flyway-mysql-10.10.0.jar;C:\Users\ludim\.m2\repository\com\mysql\mysql-connector-j\8.3.0\mysql-connector-j-8.3.0.jar;C:\Users\ludim\.m2\repository\org\springframework\boot\spring-boot-starter-security\3.3.2\spring-boot-starter-security-3.3.2.jar;C:\Users\ludim\.m2\repository\org\springframework\spring-aop\6.1.11\spring-aop-6.1.11.jar;C:\Users\ludim\.m2\repository\org\springframework\security\spring-security-config\6.3.1\spring-security-config-6.3.1.jar;C:\Users\ludim\.m2\repository\org\springframework\security\spring-security-web\6.3.1\spring-security-web-6.3.1.jar;C:\Users\ludim\.m2\repository\org\springframework\security\spring-security-core\6.3.1\spring-security-core-6.3.1.jar;C:\Users\ludim\.m2\repository\org\springframework\security\spring-security-crypto\6.3.1\spring-security-crypto-6.3.1.jar;C:\Users\ludim\.m2\repository\com\auth0\java-jwt\4.2.1\java-jwt-4.2.1.jar;C:\Users\ludim\.m2\repository\org\springdoc\springdoc-openapi-starter-webmvc-ui\2.5.0\springdoc-openapi-starter-webmvc-ui-2.5.0.jar;C:\Users\ludim\.m2\repository\org\springdoc\springdoc-openapi-starter-webmvc-api\2.5.0\springdoc-openapi-starter-webmvc-api-2.5.0.jar;C:\Users\ludim\.m2\repository\org\springdoc\springdoc-openapi-starter-common\2.5.0\springdoc-openapi-starter-common-2.5.0.jar;C:\Users\ludim\.m2\repository\io\swagger\core\v3\swagger-core-jakarta\2.2.21\swagger-core-jakarta-2.2.21.jar;C:\Users\ludim\.m2\repository\org\apache\commons\commons-lang3\3.14.0\commons-lang3-3.14.0.jar;C:\Users\ludim\.m2\repository\io\swagger\core\v3\swagger-annotations-jakarta\2.2.21\swagger-annotations-jakarta-2.2.21.jar;C:\Users\ludim\.m2\repository\io\swagger\core\v3\swagger-models-jakarta\2.2.21\swagger-models-jakarta-2.2.21.jar;C:\Users\ludim\.m2\repository\com\fasterxml\jackson\dataformat\jackson-dataformat-yaml\2.17.2\jackson-dataformat-yaml-2.17.2.jar;C:\Users\ludim\.m2\repository\org\webjars\swagger-ui\5.13.0\swagger-ui-5.13.0.jar
Launcher Type: SUN_STANDARD

[Global flags]
     intx CICompilerCount                          = 3                                         {product} {ergonomic}
     uint ConcGCThreads                            = 1                                         {product} {ergonomic}
     uint G1ConcRefinementThreads                  = 4                                         {product} {ergonomic}
   size_t G1HeapRegionSize                         = 1048576                                   {product} {ergonomic}
    uintx GCDrainStackTargetSize                   = 64                                        {product} {ergonomic}
   size_t InitialHeapSize                          = 65011712                                  {product} {ergonomic}
   size_t MarkStackSize                            = 4194304                                   {product} {ergonomic}
   size_t MaxHeapSize                              = 1017118720                                {product} {ergonomic}
   size_t MaxNewSize                               = 610271232                                 {product} {ergonomic}
   size_t MinHeapDeltaBytes                        = 1048576                                   {product} {ergonomic}
   size_t MinHeapSize                              = 8388608                                   {product} {ergonomic}
    uintx NonNMethodCodeHeapSize                   = 5832780                                {pd product} {ergonomic}
    uintx NonProfiledCodeHeapSize                  = 122912730                              {pd product} {ergonomic}
    uintx ProfiledCodeHeapSize                     = 122912730                              {pd product} {ergonomic}
    uintx ReservedCodeCacheSize                    = 251658240                              {pd product} {ergonomic}
     bool SegmentedCodeCache                       = true                                      {product} {ergonomic}
   size_t SoftMaxHeapSize                          = 1017118720                             {manageable} {ergonomic}
     bool UseCompressedOops                        = true                           {product lp64_product} {ergonomic}
     bool UseG1GC                                  = true                                      {product} {ergonomic}
     bool UseLargePagesIndividualAllocation        = false                                  {pd product} {ergonomic}

Logging:
Log output configuration:
 #0: stdout all=warning uptime,level,tags foldmultilines=false
 #1: stderr all=off uptime,level,tags foldmultilines=false

Environment Variables:
PATH=C:\Program Files\Common Files\Oracle\Java\javapath;C:\Windows\system32;C:\Windows;C:\Windows\System32\Wbem;C:\Windows\System32\WindowsPowerShell\v1.0\;C:\Windows\System32\OpenSSH\;C:\Program Files\dotnet\;C:\Windows\Microsoft.NET\Framework64\v4.0.30319;C:\Program Files\Git\cmd;C:\Program Files\nodejs\;C:\Program Files\Azure Data Studio\bin;C:\Program Files\Java\jdk-21\bin;C:\Users\ludim\AppData\Local\Programs\Python\Python310\Scripts\;C:\Users\ludim\AppData\Local\Programs\Python\Python310\;C:\Users\ludim\AppData\Local\Programs\Python\Python311\Scripts\;C:\Users\ludim\AppData\Local\Programs\Python\Python311\;C:\Users\ludim\AppData\Local\Microsoft\WindowsApps;C:\Users\ludim\.dotnet\tools;C:\Users\ludim\AppData\Local\GitHubDesktop\bin;C:\Users\ludim\AppData\Roaming\npm;C:\Program Files\Azure Data Studio\bin;C:\Users\ludim\AppData\Local\Programs\Microsoft VS Code\bin;C:\Program Files\JetBrains\IntelliJ IDEA Community Edition 2023.3.6\bin;;C:\Program Files\JetBrains\PyCharm 2024.1.4\bin;;C:\Program Files\JetBrains\PyCharm Community Edition 2024.1.4\bin;;C:\php;
USERNAME=ludim
OS=Windows_NT
PROCESSOR_IDENTIFIER=Intel64 Family 6 Model 140 Stepping 2, GenuineIntel
TMP=C:\Users\ludim\AppData\Local\Temp
TEMP=C:\Users\ludim\AppData\Local\Temp




Periodic native trim disabled

---------------  S Y S T E M  ---------------

OS:
 Windows 11 , 64 bit Build 22621 (10.0.22621.3958)
OS uptime: 8 days 5:43 hours
Hyper-V role detected

CPU: total 4 (initial active 4) (2 cores per cpu, 2 threads per core) family 6 model 140 stepping 2 microcode 0x26, cx8, cmov, fxsr, ht, mmx, 3dnowpref, sse, sse2, sse3, ssse3, sse4.1, sse4.2, popcnt, lzcnt, tsc, tscinvbit, avx, avx2, aes, erms, clmul, bmi1, bmi2, adx, avx512f, avx512dq, avx512cd, avx512bw, avx512vl, sha, fma, vzeroupper, avx512_vpopcntdq, avx512_vpclmulqdq, avx512_vaes, avx512_vnni, clflush, clflushopt, clwb, avx512_vbmi2, avx512_vbmi, hv, rdtscp, rdpid, fsrm, gfni, avx512_bitalg, f16c, cet_ibt, cet_ss, avx512_ifma
Processor Information for all 4 processors :
  Max Mhz: 2995, Current Mhz: 2995, Mhz Limit: 2995

Memory: 4k page, system-wide physical 3879M (98M free)
TotalPageFile size 15655M (AvailPageFile size 0M)
current process WorkingSet (physical memory assigned to process): 21M, peak: 241M
current process commit charge ("private bytes"): 281M, peak: 296M

vm_info: Java HotSpot(TM) 64-Bit Server VM (21.0.2+13-LTS-58) for windows-amd64 JRE (21.0.2+13-LTS-58), built on 2024-01-05T18:32:24Z by "mach5one" with MS VC++ 17.1 (VS2022)

END.
